<?xml version="1.0"?><coverage lines-covered="1128" lines-valid="2382" line-rate="0.473551637279597" branches-covered="0" branches-valid="0" branch-rate="0" complexity="0" version="1.9" timestamp="1732806175"><sources><source>/home/runner/work/libcoap-rs/libcoap-rs</source></sources><packages><package name="libcoap/src/crypto/pki_rpk" line-rate="0.39919354838709675" branch-rate="0" complexity="0"><classes><class name="key" filename="libcoap/src/crypto/pki_rpk/key.rs" line-rate="0.39215686274509803" branch-rate="0" complexity="0"><methods/><lines><line number="83" hits="1"/><line number="85" hits="1"/><line number="86" hits="1"/><line number="95" hits="1"/><line number="97" hits="2"/><line number="106" hits="2"/><line number="107" hits="2"/><line number="112" hits="2"/><line number="114" hits="2"/><line number="115" hits="2"/><line number="117" hits="2"/><line number="127" hits="1"/><line number="129" hits="1"/><line number="130" hits="1"/><line number="139" hits="1"/><line number="141" hits="2"/><line number="150" hits="0"/><line number="152" hits="0"/><line number="153" hits="0"/><line number="155" hits="0"/><line number="161" hits="0"/><line number="162" hits="0"/><line number="171" hits="0"/><line number="173" hits="0"/><line number="174" hits="0"/><line number="182" hits="0"/><line number="183" hits="0"/><line number="192" hits="0"/><line number="194" hits="0"/><line number="195" hits="0"/><line number="203" hits="0"/><line number="204" hits="0"/><line number="231" hits="2"/><line number="232" hits="2"/><line number="233" hits="2"/><line number="234" hits="0"/><line number="235" hits="0"/><line number="236" hits="0"/><line number="237" hits="0"/><line number="238" hits="0"/><line number="239" hits="0"/><line number="240" hits="0"/><line number="241" hits="0"/><line number="242" hits="0"/><line number="243" hits="1"/><line number="244" hits="0"/><line number="245" hits="0"/><line number="246" hits="0"/><line number="247" hits="0"/><line number="253" hits="0"/><line number="254" hits="0"/></lines></class><class name="mod" filename="libcoap/src/crypto/pki_rpk/mod.rs" line-rate="0.26666666666666666" branch-rate="0" complexity="0"><methods/><lines><line number="341" hits="4"/><line number="345" hits="4"/><line number="347" hits="3"/><line number="349" hits="1"/><line number="398" hits="4"/><line number="400" hits="4"/><line number="431" hits="4"/><line number="433" hits="8"/><line number="434" hits="4"/><line number="449" hits="0"/><line number="450" hits="0"/><line number="451" hits="0"/><line number="470" hits="0"/><line number="475" hits="0"/><line number="478" hits="0"/><line number="479" hits="0"/><line number="480" hits="0"/><line number="490" hits="1"/><line number="491" hits="3"/><line number="492" hits="2"/><line number="502" hits="0"/><line number="503" hits="0"/><line number="504" hits="0"/><line number="512" hits="0"/><line number="513" hits="0"/><line number="514" hits="0"/><line number="526" hits="0"/><line number="527" hits="0"/><line number="528" hits="0"/><line number="529" hits="0"/><line number="537" hits="0"/><line number="538" hits="0"/><line number="539" hits="0"/><line number="548" hits="0"/><line number="549" hits="0"/><line number="550" hits="0"/><line number="559" hits="0"/><line number="560" hits="0"/><line number="561" hits="0"/><line number="569" hits="0"/><line number="570" hits="0"/><line number="571" hits="0"/><line number="579" hits="0"/><line number="580" hits="0"/><line number="581" hits="0"/><line number="596" hits="0"/><line number="597" hits="0"/><line number="598" hits="0"/><line number="599" hits="0"/><line number="603" hits="2"/><line number="604" hits="3"/><line number="606" hits="2"/><line number="607" hits="5"/><line number="608" hits="0"/><line number="610" hits="5"/><line number="611" hits="0"/><line number="645" hits="0"/><line number="646" hits="0"/><line number="649" hits="0"/><line number="651" hits="0"/><line number="654" hits="0"/><line number="655" hits="0"/><line number="656" hits="0"/><line number="659" hits="0"/><line number="660" hits="0"/><line number="661" hits="0"/><line number="667" hits="4"/><line number="668" hits="8"/><line number="674" hits="0"/><line number="677" hits="8"/><line number="681" hits="0"/><line number="684" hits="8"/><line number="688" hits="0"/><line number="710" hits="4"/><line number="719" hits="4"/><line number="720" hits="4"/><line number="721" hits="4"/><line number="722" hits="4"/><line number="723" hits="0"/><line number="724" hits="4"/><line number="725" hits="0"/><line number="726" hits="4"/><line number="729" hits="0"/><line number="744" hits="4"/><line number="745" hits="4"/><line number="748" hits="4"/><line number="749" hits="4"/><line number="750" hits="0"/><line number="770" hits="0"/><line number="773" hits="0"/><line number="775" hits="0"/><line number="777" hits="0"/><line number="779" hits="0"/><line number="781" hits="0"/><line number="792" hits="0"/><line number="793" hits="0"/><line number="796" hits="0"/><line number="797" hits="0"/><line number="798" hits="0"/><line number="799" hits="0"/><line number="800" hits="0"/><line number="801" hits="0"/><line number="803" hits="0"/><line number="817" hits="0"/><line number="818" hits="0"/><line number="819" hits="0"/><line number="820" hits="0"/><line number="823" hits="0"/><line number="853" hits="0"/><line number="854" hits="0"/><line number="877" hits="0"/><line number="878" hits="0"/><line number="879" hits="0"/><line number="880" hits="0"/><line number="881" hits="0"/><line number="882" hits="0"/><line number="894" hits="0"/><line number="895" hits="0"/><line number="896" hits="0"/><line number="897" hits="0"/></lines></class><class name="pki" filename="libcoap/src/crypto/pki_rpk/pki.rs" line-rate="0.6296296296296297" branch-rate="0" complexity="0"><methods/><lines><line number="31" hits="1"/><line number="32" hits="2"/><line number="40" hits="3"/><line number="41" hits="3"/><line number="46" hits="3"/><line number="47" hits="3"/><line number="67" hits="1"/><line number="68" hits="2"/><line number="70" hits="1"/><line number="71" hits="2"/><line number="77" hits="0"/><line number="78" hits="0"/><line number="93" hits="0"/><line number="94" hits="0"/><line number="95" hits="0"/><line number="96" hits="0"/><line number="135" hits="0"/><line number="185" hits="3"/><line number="207" hits="1"/><line number="213" hits="4"/><line number="214" hits="2"/><line number="215" hits="1"/><line number="216" hits="1"/><line number="217" hits="1"/><line number="227" hits="1"/><line number="233" hits="4"/><line number="234" hits="2"/><line number="235" hits="1"/><line number="236" hits="1"/><line number="237" hits="1"/><line number="247" hits="1"/><line number="254" hits="2"/><line number="255" hits="2"/><line number="256" hits="1"/><line number="257" hits="1"/><line number="258" hits="0"/><line number="275" hits="0"/><line number="276" hits="0"/><line number="277" hits="0"/><line number="278" hits="0"/><line number="279" hits="0"/><line number="296" hits="0"/><line number="297" hits="0"/><line number="298" hits="0"/><line number="299" hits="0"/><line number="300" hits="0"/><line number="306" hits="3"/><line number="307" hits="10"/><line number="308" hits="3"/><line number="309" hits="0"/><line number="311" hits="0"/><line number="313" hits="3"/><line number="314" hits="3"/><line number="318" hits="3"/></lines></class><class name="rpk" filename="libcoap/src/crypto/pki_rpk/rpk.rs" line-rate="0.5652173913043478" branch-rate="0" complexity="0"><methods/><lines><line number="30" hits="1"/><line number="31" hits="1"/><line number="39" hits="1"/><line number="40" hits="1"/><line number="45" hits="1"/><line number="46" hits="1"/><line number="61" hits="0"/><line number="62" hits="0"/><line number="63" hits="0"/><line number="64" hits="0"/><line number="89" hits="0"/><line number="90" hits="0"/><line number="122" hits="1"/><line number="141" hits="1"/><line number="145" hits="2"/><line number="159" hits="0"/><line number="160" hits="0"/><line number="161" hits="0"/><line number="162" hits="0"/><line number="168" hits="1"/><line number="169" hits="1"/><line number="170" hits="1"/><line number="174" hits="1"/></lines></class></classes></package><package name="libcoap/src/session" line-rate="0.5719424460431655" branch-rate="0" complexity="0"><classes><class name="client" filename="libcoap/src/session/client.rs" line-rate="0.7894736842105263" branch-rate="0" complexity="0"><methods/><lines><line number="47" hits="3"/><line number="50" hits="3"/><line number="51" hits="3"/><line number="52" hits="3"/><line number="54" hits="3"/><line number="55" hits="3"/><line number="56" hits="0"/><line number="57" hits="3"/><line number="62" hits="6"/><line number="64" hits="3"/><line number="74" hits="5"/><line number="78" hits="10"/><line number="79" hits="5"/><line number="80" hits="5"/><line number="85" hits="10"/><line number="87" hits="5"/><line number="104" hits="5"/><line number="109" hits="5"/><line number="115" hits="5"/><line number="117" hits="1"/><line number="118" hits="2"/><line number="121" hits="3"/><line number="122" hits="6"/><line number="125" hits="1"/><line number="126" hits="2"/><line number="132" hits="5"/><line number="133" hits="10"/><line number="142" hits="2"/><line number="149" hits="2"/><line number="150" hits="0"/><line number="151" hits="2"/><line number="152" hits="2"/><line number="155" hits="2"/><line number="156" hits="0"/><line number="159" hits="2"/><line number="160" hits="2"/><line number="169" hits="1"/><line number="176" hits="1"/><line number="177" hits="0"/><line number="178" hits="1"/><line number="179" hits="1"/><line number="182" hits="1"/><line number="183" hits="0"/><line number="186" hits="1"/><line number="187" hits="1"/><line number="208" hits="8"/><line number="209" hits="8"/><line number="210" hits="8"/><line number="211" hits="8"/><line number="212" hits="0"/><line number="213" hits="0"/><line number="214" hits="8"/><line number="215" hits="8"/><line number="216" hits="8"/><line number="219" hits="0"/><line number="220" hits="0"/><line number="228" hits="0"/><line number="229" hits="0"/><line number="234" hits="8"/><line number="241" hits="8"/><line number="242" hits="8"/><line number="245" hits="8"/><line number="255" hits="8"/><line number="256" hits="8"/><line number="257" hits="8"/><line number="259" hits="8"/><line number="261" hits="8"/><line number="267" hits="8"/><line number="268" hits="24"/><line number="270" hits="8"/><line number="271" hits="24"/><line number="276" hits="0"/><line number="278" hits="0"/><line number="279" hits="0"/><line number="280" hits="0"/><line number="281" hits="0"/></lines></class><class name="mod" filename="libcoap/src/session/mod.rs" line-rate="0.42207792207792205" branch-rate="0" complexity="0"><methods/><lines><line number="56" hits="0"/><line number="57" hits="0"/><line number="58" hits="0"/><line number="59" hits="0"/><line number="60" hits="0"/><line number="61" hits="0"/><line number="62" hits="0"/><line number="86" hits="8"/><line number="87" hits="16"/><line number="88" hits="8"/><line number="89" hits="16"/><line number="90" hits="24"/><line number="91" hits="0"/><line number="92" hits="0"/><line number="94" hits="16"/><line number="106" hits="0"/><line number="107" hits="0"/><line number="108" hits="0"/><line number="110" hits="0"/><line number="115" hits="0"/><line number="116" hits="0"/><line number="117" hits="0"/><line number="118" hits="0"/><line number="122" hits="0"/><line number="123" hits="0"/><line number="124" hits="0"/><line number="131" hits="0"/><line number="133" hits="0"/><line number="134" hits="0"/><line number="138" hits="0"/><line number="142" hits="0"/><line number="143" hits="0"/><line number="144" hits="0"/><line number="145" hits="0"/><line number="155" hits="0"/><line number="157" hits="0"/><line number="158" hits="0"/><line number="162" hits="0"/><line number="166" hits="0"/><line number="167" hits="0"/><line number="168" hits="0"/><line number="169" hits="0"/><line number="176" hits="0"/><line number="177" hits="0"/><line number="180" hits="0"/><line number="181" hits="0"/><line number="182" hits="0"/><line number="191" hits="0"/><line number="192" hits="0"/><line number="195" hits="0"/><line number="196" hits="0"/><line number="197" hits="0"/><line number="206" hits="0"/><line number="208" hits="0"/><line number="212" hits="0"/><line number="214" hits="0"/><line number="218" hits="0"/><line number="220" hits="0"/><line number="224" hits="8"/><line number="226" hits="16"/><line number="231" hits="0"/><line number="234" hits="0"/><line number="236" hits="0"/><line number="242" hits="0"/><line number="245" hits="0"/><line number="247" hits="0"/><line number="253" hits="0"/><line number="256" hits="0"/><line number="258" hits="0"/><line number="264" hits="0"/><line number="266" hits="0"/><line number="273" hits="0"/><line number="275" hits="0"/><line number="279" hits="8"/><line number="281" hits="16"/><line number="285" hits="0"/><line number="287" hits="0"/><line number="291" hits="8"/><line number="293" hits="16"/><line number="297" hits="0"/><line number="298" hits="0"/><line number="300" hits="0"/><line number="301" hits="0"/><line number="305" hits="0"/><line number="307" hits="0"/><line number="314" hits="8"/><line number="315" hits="8"/><line number="318" hits="8"/><line number="319" hits="8"/><line number="328" hits="8"/><line number="329" hits="16"/><line number="330" hits="8"/><line number="331" hits="8"/><line number="334" hits="16"/><line number="336" hits="8"/><line number="338" hits="16"/><line number="339" hits="16"/><line number="340" hits="8"/><line number="342" hits="24"/><line number="343" hits="0"/><line number="344" hits="8"/><line number="345" hits="24"/><line number="356" hits="8"/><line number="357" hits="24"/><line number="358" hits="0"/><line number="359" hits="16"/><line number="365" hits="8"/><line number="366" hits="16"/><line number="373" hits="0"/><line number="374" hits="0"/><line number="382" hits="1"/><line number="383" hits="2"/><line number="391" hits="0"/><line number="392" hits="0"/><line number="411" hits="8"/><line number="412" hits="8"/><line number="413" hits="8"/><line number="415" hits="0"/><line number="419" hits="8"/><line number="420" hits="8"/><line number="421" hits="8"/><line number="423" hits="0"/><line number="447" hits="8"/><line number="448" hits="8"/><line number="449" hits="8"/><line number="450" hits="8"/><line number="451" hits="0"/><line number="453" hits="8"/><line number="455" hits="0"/><line number="456" hits="1"/><line number="464" hits="8"/><line number="465" hits="8"/><line number="470" hits="6"/><line number="471" hits="6"/><line number="476" hits="0"/><line number="477" hits="0"/><line number="478" hits="0"/><line number="480" hits="0"/><line number="515" hits="8"/><line number="519" hits="8"/><line number="520" hits="8"/><line number="536" hits="8"/><line number="539" hits="8"/><line number="546" hits="8"/><line number="552" hits="8"/><line number="553" hits="8"/><line number="555" hits="8"/><line number="556" hits="8"/><line number="557" hits="8"/><line number="558" hits="0"/><line number="560" hits="16"/><line number="561" hits="8"/><line number="562" hits="8"/><line number="564" hits="0"/></lines></class><class name="server" filename="libcoap/src/session/server.rs" line-rate="0.7083333333333334" branch-rate="0" complexity="0"><methods/><lines><line number="21" hits="8"/><line number="22" hits="16"/><line number="23" hits="8"/><line number="24" hits="8"/><line number="64" hits="6"/><line number="65" hits="6"/><line number="66" hits="6"/><line number="67" hits="6"/><line number="68" hits="6"/><line number="69" hits="0"/><line number="70" hits="0"/><line number="71" hits="0"/><line number="77" hits="6"/><line number="78" hits="12"/><line number="81" hits="6"/><line number="105" hits="8"/><line number="106" hits="8"/><line number="107" hits="8"/><line number="108" hits="8"/><line number="109" hits="8"/><line number="139" hits="8"/><line number="140" hits="8"/><line number="141" hits="8"/><line number="142" hits="8"/><line number="143" hits="0"/><line number="144" hits="0"/><line number="145" hits="8"/><line number="146" hits="8"/><line number="148" hits="8"/><line number="152" hits="0"/><line number="153" hits="0"/><line number="161" hits="8"/><line number="162" hits="8"/><line number="165" hits="8"/><line number="168" hits="8"/><line number="175" hits="8"/><line number="176" hits="24"/><line number="179" hits="0"/><line number="180" hits="0"/><line number="185" hits="0"/><line number="187" hits="0"/><line number="188" hits="0"/><line number="189" hits="0"/><line number="190" hits="0"/><line number="197" hits="8"/><line number="199" hits="8"/><line number="200" hits="8"/><line number="201" hits="8"/></lines></class></classes></package><package name="libcoap-sys/src" line-rate="0.6391752577319587" branch-rate="0" complexity="0"><classes><class name="lib" filename="libcoap-sys/src/lib.rs" line-rate="0.6391752577319587" branch-rate="0" complexity="0"><methods/><lines><line number="115" hits="0"/><line number="116" hits="0"/><line number="141" hits="0"/><line number="147" hits="0"/><line number="148" hits="0"/><line number="149" hits="0"/><line number="150" hits="0"/><line number="151" hits="0"/><line number="176" hits="8"/><line number="182" hits="8"/><line number="183" hits="0"/><line number="187" hits="8"/><line number="188" hits="0"/><line number="192" hits="8"/><line number="193" hits="0"/><line number="197" hits="8"/><line number="198" hits="0"/><line number="207" hits="8"/><line number="208" hits="0"/><line number="212" hits="8"/><line number="213" hits="0"/><line number="222" hits="8"/><line number="223" hits="0"/><line number="227" hits="8"/><line number="228" hits="0"/><line number="232" hits="8"/><line number="233" hits="0"/><line number="237" hits="8"/><line number="238" hits="0"/><line number="242" hits="8"/><line number="243" hits="0"/><line number="247" hits="8"/><line number="248" hits="0"/><line number="252" hits="8"/><line number="253" hits="0"/><line number="257" hits="8"/><line number="258" hits="0"/><line number="262" hits="8"/><line number="263" hits="0"/><line number="267" hits="8"/><line number="268" hits="0"/><line number="277" hits="8"/><line number="278" hits="0"/><line number="291" hits="8"/><line number="318" hits="1"/><line number="319" hits="1"/><line number="320" hits="0"/><line number="326" hits="0"/><line number="329" hits="0"/><line number="331" hits="0"/><line number="332" hits="0"/><line number="333" hits="0"/><line number="335" hits="0"/><line number="337" hits="0"/><line number="340" hits="1"/><line number="346" hits="1"/><line number="349" hits="1"/><line number="351" hits="1"/><line number="352" hits="1"/><line number="353" hits="1"/><line number="355" hits="1"/><line number="356" hits="1"/><line number="358" hits="1"/><line number="371" hits="1"/><line number="378" hits="1"/><line number="382" hits="1"/><line number="387" hits="1"/><line number="390" hits="1"/><line number="391" hits="1"/><line number="401" hits="1"/><line number="407" hits="2"/><line number="408" hits="1"/><line number="409" hits="1"/><line number="410" hits="1"/><line number="411" hits="2"/><line number="413" hits="1"/><line number="414" hits="1"/><line number="415" hits="1"/><line number="420" hits="1"/><line number="422" hits="1"/><line number="423" hits="1"/><line number="425" hits="1"/><line number="428" hits="1"/><line number="429" hits="1"/><line number="432" hits="1"/><line number="433" hits="1"/><line number="436" hits="1"/><line number="437" hits="2"/><line number="445" hits="1"/><line number="446" hits="1"/><line number="447" hits="1"/><line number="450" hits="2"/><line number="452" hits="1"/><line number="456" hits="2"/><line number="459" hits="0"/><line number="460" hits="0"/><line number="467" hits="1"/></lines></class></classes></package><package name="libcoap-sys" line-rate="0.6391752577319587" branch-rate="0" complexity="0"><classes></classes></package><package name="libcoap/src" line-rate="0.45372460496614" branch-rate="0" complexity="0"><classes><class name="context" filename="libcoap/src/context.rs" line-rate="0.518324607329843" branch-rate="0" complexity="0"><methods/><lines><line number="50" hits="0"/><line number="51" hits="53"/><line number="88" hits="8"/><line number="89" hits="0"/><line number="92" hits="8"/><line number="93" hits="8"/><line number="94" hits="0"/><line number="99" hits="0"/><line number="104" hits="8"/><line number="105" hits="0"/><line number="106" hits="0"/><line number="108" hits="8"/><line number="110" hits="8"/><line number="111" hits="0"/><line number="112" hits="8"/><line number="113" hits="8"/><line number="114" hits="8"/><line number="115" hits="8"/><line number="116" hits="0"/><line number="117" hits="8"/><line number="118" hits="0"/><line number="119" hits="8"/><line number="126" hits="16"/><line number="127" hits="8"/><line number="130" hits="8"/><line number="138" hits="6"/><line number="139" hits="6"/><line number="141" hits="6"/><line number="148" hits="6"/><line number="149" hits="18"/><line number="151" hits="6"/><line number="152" hits="0"/><line number="153" hits="0"/><line number="154" hits="0"/><line number="155" hits="0"/><line number="156" hits="0"/><line number="157" hits="0"/><line number="158" hits="0"/><line number="159" hits="0"/><line number="160" hits="0"/><line number="161" hits="0"/><line number="162" hits="0"/><line number="163" hits="0"/><line number="164" hits="0"/><line number="165" hits="0"/><line number="166" hits="0"/><line number="168" hits="0"/><line number="171" hits="0"/><line number="172" hits="0"/><line number="173" hits="0"/><line number="175" hits="0"/><line number="178" hits="0"/><line number="179" hits="0"/><line number="180" hits="0"/><line number="181" hits="0"/><line number="182" hits="0"/><line number="184" hits="0"/><line number="185" hits="0"/><line number="186" hits="0"/><line number="188" hits="0"/><line number="189" hits="0"/><line number="190" hits="0"/><line number="191" hits="0"/><line number="192" hits="0"/><line number="193" hits="0"/><line number="194" hits="0"/><line number="195" hits="0"/><line number="201" hits="18"/><line number="202" hits="6"/><line number="203" hits="12"/><line number="204" hits="0"/><line number="205" hits="0"/><line number="206" hits="0"/><line number="207" hits="0"/><line number="210" hits="0"/><line number="212" hits="0"/><line number="225" hits="1"/><line number="226" hits="1"/><line number="227" hits="2"/><line number="228" hits="0"/><line number="230" hits="1"/><line number="235" hits="2"/><line number="236" hits="0"/><line number="239" hits="1"/><line number="251" hits="4"/><line number="255" hits="4"/><line number="256" hits="8"/><line number="257" hits="0"/><line number="259" hits="8"/><line number="264" hits="8"/><line number="265" hits="0"/><line number="268" hits="4"/><line number="292" hits="4"/><line number="297" hits="12"/><line number="298" hits="4"/><line number="299" hits="4"/><line number="301" hits="4"/><line number="303" hits="8"/><line number="304" hits="0"/><line number="305" hits="0"/><line number="307" hits="0"/><line number="310" hits="4"/><line number="324" hits="4"/><line number="329" hits="4"/><line number="333" hits="8"/><line number="334" hits="16"/><line number="335" hits="8"/><line number="338" hits="8"/><line number="339" hits="4"/><line number="341" hits="0"/><line number="351" hits="8"/><line number="352" hits="8"/><line number="355" hits="16"/><line number="357" hits="8"/><line number="358" hits="2"/><line number="359" hits="4"/><line number="360" hits="3"/><line number="364" hits="8"/><line number="368" hits="8"/><line number="369" hits="8"/><line number="371" hits="8"/><line number="372" hits="16"/><line number="373" hits="8"/><line number="377" hits="2"/><line number="378" hits="2"/><line number="383" hits="1"/><line number="384" hits="1"/><line number="392" hits="5"/><line number="393" hits="5"/><line number="404" hits="9"/><line number="405" hits="9"/><line number="406" hits="27"/><line number="411" hits="9"/><line number="412" hits="18"/><line number="422" hits="8"/><line number="423" hits="8"/><line number="425" hits="16"/><line number="426" hits="16"/><line number="427" hits="16"/><line number="428" hits="0"/><line number="430" hits="8"/><line number="433" hits="0"/><line number="435" hits="8"/><line number="438" hits="8"/><line number="443" hits="8"/><line number="446" hits="8"/><line number="448" hits="8"/><line number="449" hits="0"/><line number="452" hits="16"/><line number="457" hits="0"/><line number="460" hits="0"/><line number="461" hits="0"/><line number="470" hits="0"/><line number="475" hits="0"/><line number="476" hits="0"/><line number="488" hits="0"/><line number="491" hits="0"/><line number="499" hits="0"/><line number="502" hits="0"/><line number="508" hits="0"/><line number="511" hits="0"/><line number="517" hits="0"/><line number="520" hits="0"/><line number="527" hits="0"/><line number="530" hits="0"/><line number="537" hits="0"/><line number="540" hits="0"/><line number="547" hits="0"/><line number="550" hits="0"/><line number="551" hits="0"/><line number="561" hits="0"/><line number="566" hits="0"/><line number="567" hits="0"/><line number="583" hits="0"/><line number="588" hits="0"/><line number="589" hits="0"/><line number="590" hits="0"/><line number="613" hits="0"/><line number="618" hits="0"/><line number="634" hits="8"/><line number="639" hits="16"/><line number="646" hits="8"/><line number="656" hits="8"/><line number="658" hits="32"/><line number="659" hits="24"/><line number="663" hits="8"/><line number="665" hits="16"/><line number="670" hits="16"/><line number="671" hits="8"/><line number="678" hits="8"/><line number="685" hits="8"/></lines></class><class name="error" filename="libcoap/src/error.rs" line-rate="0" branch-rate="0" complexity="0"><methods/><lines><line number="91" hits="0"/><line number="92" hits="0"/><line number="169" hits="0"/><line number="170" hits="0"/></lines></class><class name="event" filename="libcoap/src/event.rs" line-rate="1" branch-rate="0" complexity="0"><methods/><lines><line number="171" hits="6"/><line number="172" hits="6"/><line number="174" hits="12"/><line number="175" hits="2"/><line number="176" hits="1"/><line number="178" hits="12"/><line number="180" hits="2"/><line number="184" hits="12"/><line number="185" hits="6"/></lines></class><class name="mem" filename="libcoap/src/mem.rs" line-rate="0.6610169491525424" branch-rate="0" complexity="0"><methods/><lines><line number="41" hits="23"/><line number="42" hits="23"/><line number="61" hits="16"/><line number="62" hits="16"/><line number="63" hits="32"/><line number="65" hits="16"/><line number="66" hits="16"/><line number="89" hits="8"/><line number="90" hits="8"/><line number="91" hits="16"/><line number="92" hits="16"/><line number="93" hits="8"/><line number="117" hits="25"/><line number="118" hits="25"/><line number="145" hits="0"/><line number="146" hits="0"/><line number="158" hits="0"/><line number="159" hits="0"/><line number="171" hits="23"/><line number="172" hits="23"/><line number="179" hits="16"/><line number="180" hits="16"/><line number="187" hits="25"/><line number="188" hits="25"/><line number="193" hits="0"/><line number="194" hits="0"/><line number="201" hits="8"/><line number="202" hits="8"/><line number="207" hits="0"/><line number="208" hits="0"/><line number="213" hits="17"/><line number="215" hits="17"/><line number="230" hits="8"/><line number="231" hits="8"/><line number="244" hits="8"/><line number="245" hits="32"/><line number="252" hits="12"/><line number="254" hits="8"/><line number="268" hits="4"/><line number="269" hits="16"/><line number="277" hits="0"/><line number="279" hits="4"/><line number="293" hits="0"/><line number="294" hits="0"/><line number="305" hits="8"/><line number="306" hits="16"/><line number="316" hits="0"/><line number="317" hits="0"/><line number="318" hits="0"/><line number="319" hits="0"/><line number="320" hits="0"/><line number="331" hits="6"/><line number="332" hits="6"/><line number="333" hits="12"/><line number="336" hits="12"/><line number="337" hits="6"/><line number="350" hits="0"/><line number="351" hits="0"/><line number="362" hits="8"/><line number="363" hits="8"/><line number="364" hits="0"/><line number="365" hits="0"/><line number="366" hits="0"/><line number="368" hits="8"/><line number="372" hits="8"/><line number="373" hits="8"/><line number="378" hits="0"/><line number="379" hits="0"/><line number="388" hits="0"/><line number="389" hits="0"/><line number="396" hits="6"/><line number="397" hits="18"/><line number="399" hits="12"/><line number="400" hits="12"/><line number="411" hits="8"/><line number="412" hits="8"/><line number="430" hits="8"/><line number="431" hits="8"/><line number="434" hits="8"/><line number="438" hits="8"/><line number="439" hits="8"/><line number="444" hits="8"/><line number="445" hits="8"/><line number="446" hits="8"/><line number="447" hits="8"/><line number="448" hits="8"/><line number="449" hits="0"/><line number="450" hits="0"/><line number="467" hits="4"/><line number="468" hits="8"/><line number="469" hits="4"/><line number="470" hits="0"/><line number="476" hits="4"/><line number="477" hits="4"/><line number="478" hits="0"/><line number="479" hits="0"/><line number="480" hits="0"/><line number="481" hits="0"/><line number="483" hits="0"/><line number="484" hits="0"/><line number="485" hits="0"/><line number="501" hits="8"/><line number="502" hits="16"/><line number="503" hits="8"/><line number="504" hits="0"/><line number="510" hits="8"/><line number="511" hits="16"/><line number="512" hits="8"/><line number="513" hits="6"/><line number="519" hits="8"/><line number="520" hits="8"/><line number="521" hits="6"/><line number="522" hits="10"/><line number="523" hits="0"/><line number="524" hits="0"/><line number="526" hits="10"/><line number="527" hits="0"/><line number="528" hits="0"/></lines></class><class name="prng" filename="libcoap/src/prng.rs" line-rate="0.2222222222222222" branch-rate="0" complexity="0"><methods/><lines><line number="61" hits="3"/><line number="63" hits="3"/><line number="65" hits="3"/><line number="66" hits="3"/><line number="67" hits="0"/><line number="109" hits="0"/><line number="110" hits="0"/><line number="111" hits="0"/><line number="113" hits="0"/><line number="115" hits="0"/><line number="116" hits="0"/><line number="170" hits="0"/><line number="171" hits="0"/><line number="172" hits="0"/><line number="173" hits="0"/><line number="176" hits="0"/><line number="178" hits="0"/><line number="179" hits="0"/></lines></class><class name="protocol" filename="libcoap/src/protocol.rs" line-rate="0.32" branch-rate="0" complexity="0"><methods/><lines><line number="145" hits="0"/><line number="146" hits="0"/><line number="150" hits="8"/><line number="151" hits="8"/><line number="152" hits="0"/><line number="153" hits="0"/><line number="154" hits="0"/><line number="155" hits="0"/><line number="156" hits="0"/><line number="157" hits="0"/><line number="158" hits="8"/><line number="159" hits="0"/><line number="160" hits="0"/><line number="161" hits="0"/><line number="162" hits="0"/><line number="163" hits="0"/><line number="164" hits="0"/><line number="165" hits="0"/><line number="166" hits="0"/><line number="167" hits="0"/><line number="168" hits="0"/><line number="169" hits="0"/><line number="170" hits="0"/><line number="171" hits="0"/><line number="172" hits="1"/><line number="173" hits="0"/><line number="174" hits="0"/><line number="175" hits="8"/><line number="176" hits="0"/><line number="177" hits="0"/><line number="182" hits="8"/><line number="183" hits="8"/><line number="184" hits="0"/><line number="185" hits="0"/><line number="186" hits="0"/><line number="187" hits="0"/><line number="188" hits="0"/><line number="189" hits="0"/><line number="190" hits="8"/><line number="191" hits="0"/><line number="192" hits="0"/><line number="193" hits="0"/><line number="194" hits="0"/><line number="195" hits="0"/><line number="196" hits="0"/><line number="197" hits="0"/><line number="198" hits="0"/><line number="199" hits="0"/><line number="200" hits="0"/><line number="201" hits="0"/><line number="202" hits="0"/><line number="203" hits="0"/><line number="204" hits="1"/><line number="205" hits="0"/><line number="206" hits="0"/><line number="207" hits="8"/><line number="208" hits="0"/><line number="209" hits="0"/><line number="217" hits="8"/><line number="218" hits="8"/><line number="266" hits="0"/><line number="267" hits="0"/><line number="287" hits="8"/><line number="288" hits="8"/><line number="289" hits="0"/><line number="290" hits="8"/><line number="291" hits="8"/><line number="297" hits="8"/><line number="298" hits="8"/><line number="303" hits="1"/><line number="304" hits="1"/><line number="311" hits="8"/><line number="312" hits="8"/><line number="313" hits="8"/><line number="314" hits="8"/><line number="316" hits="16"/><line number="344" hits="8"/><line number="345" hits="8"/><line number="346" hits="8"/><line number="347" hits="0"/><line number="348" hits="0"/><line number="349" hits="1"/><line number="350" hits="0"/><line number="351" hits="0"/><line number="352" hits="0"/><line number="358" hits="8"/><line number="359" hits="8"/><line number="360" hits="8"/><line number="361" hits="0"/><line number="362" hits="0"/><line number="363" hits="1"/><line number="364" hits="0"/><line number="365" hits="0"/><line number="366" hits="0"/><line number="372" hits="0"/><line number="373" hits="0"/><line number="374" hits="0"/><line number="375" hits="0"/><line number="376" hits="0"/><line number="377" hits="0"/><line number="378" hits="0"/><line number="379" hits="0"/><line number="380" hits="0"/><line number="389" hits="8"/><line number="390" hits="8"/><line number="434" hits="8"/><line number="435" hits="8"/><line number="436" hits="8"/><line number="437" hits="0"/><line number="438" hits="0"/><line number="439" hits="0"/><line number="440" hits="0"/><line number="441" hits="0"/><line number="442" hits="1"/><line number="443" hits="0"/><line number="444" hits="0"/><line number="445" hits="0"/><line number="446" hits="0"/><line number="447" hits="0"/><line number="448" hits="0"/><line number="449" hits="0"/><line number="450" hits="0"/><line number="451" hits="0"/><line number="452" hits="0"/><line number="453" hits="0"/><line number="454" hits="0"/><line number="455" hits="0"/><line number="456" hits="0"/><line number="457" hits="0"/><line number="458" hits="0"/><line number="459" hits="0"/><line number="460" hits="0"/><line number="462" hits="0"/><line number="464" hits="0"/><line number="470" hits="0"/><line number="472" hits="0"/><line number="473" hits="0"/><line number="474" hits="0"/><line number="476" hits="0"/><line number="482" hits="0"/><line number="489" hits="8"/><line number="490" hits="8"/><line number="512" hits="8"/><line number="513" hits="8"/><line number="514" hits="8"/><line number="515" hits="1"/><line number="516" hits="6"/><line number="517" hits="0"/><line number="523" hits="8"/><line number="524" hits="8"/></lines></class><class name="resource" filename="libcoap/src/resource.rs" line-rate="0.5571428571428572" branch-rate="0" complexity="0"><methods/><lines><line number="49" hits="8"/><line number="56" hits="8"/><line number="57" hits="8"/><line number="58" hits="8"/><line number="59" hits="8"/><line number="61" hits="8"/><line number="64" hits="10"/><line number="80" hits="8"/><line number="87" hits="8"/><line number="88" hits="8"/><line number="89" hits="16"/><line number="90" hits="32"/><line number="91" hits="16"/><line number="92" hits="8"/><line number="93" hits="8"/><line number="94" hits="0"/><line number="95" hits="0"/><line number="96" hits="0"/><line number="153" hits="9"/><line number="168" hits="9"/><line number="169" hits="9"/><line number="170" hits="9"/><line number="171" hits="0"/><line number="172" hits="0"/><line number="173" hits="1"/><line number="174" hits="0"/><line number="175" hits="0"/><line number="176" hits="0"/><line number="183" hits="0"/><line number="184" hits="0"/><line number="185" hits="0"/><line number="186" hits="0"/><line number="187" hits="0"/><line number="188" hits="0"/><line number="189" hits="0"/><line number="190" hits="0"/><line number="191" hits="0"/><line number="198" hits="0"/><line number="199" hits="0"/><line number="200" hits="0"/><line number="201" hits="0"/><line number="202" hits="0"/><line number="203" hits="0"/><line number="204" hits="0"/><line number="205" hits="0"/><line number="206" hits="0"/><line number="211" hits="9"/><line number="212" hits="18"/><line number="213" hits="9"/><line number="214" hits="0"/><line number="215" hits="0"/><line number="216" hits="1"/><line number="217" hits="0"/><line number="218" hits="0"/><line number="219" hits="0"/><line number="241" hits="9"/><line number="242" hits="9"/><line number="244" hits="9"/><line number="246" hits="0"/><line number="247" hits="9"/><line number="248" hits="17"/><line number="249" hits="1"/><line number="251" hits="8"/><line number="252" hits="0"/><line number="254" hits="9"/><line number="255" hits="0"/><line number="256" hits="9"/><line number="257" hits="9"/><line number="259" hits="18"/><line number="260" hits="9"/><line number="262" hits="9"/><line number="266" hits="1"/><line number="268" hits="3"/><line number="273" hits="1"/><line number="275" hits="2"/><line number="280" hits="0"/><line number="282" hits="0"/><line number="286" hits="0"/><line number="287" hits="0"/><line number="291" hits="8"/><line number="292" hits="24"/><line number="300" hits="0"/><line number="301" hits="0"/><line number="302" hits="0"/><line number="306" hits="9"/><line number="307" hits="18"/><line number="308" hits="36"/><line number="311" hits="9"/><line number="312" hits="9"/><line number="313" hits="27"/><line number="318" hits="8"/><line number="324" hits="8"/><line number="325" hits="16"/><line number="326" hits="8"/><line number="327" hits="0"/><line number="328" hits="0"/><line number="329" hits="0"/><line number="335" hits="16"/><line number="336" hits="0"/><line number="337" hits="0"/><line number="340" hits="8"/><line number="346" hits="0"/><line number="347" hits="0"/><line number="348" hits="0"/><line number="349" hits="8"/><line number="353" hits="24"/><line number="354" hits="0"/><line number="355" hits="0"/><line number="356" hits="0"/><line number="357" hits="16"/><line number="362" hits="0"/><line number="364" hits="0"/><line number="365" hits="0"/><line number="369" hits="0"/><line number="370" hits="0"/><line number="373" hits="9"/><line number="374" hits="9"/><line number="377" hits="9"/><line number="378" hits="18"/><line number="384" hits="9"/><line number="390" hits="9"/><line number="392" hits="9"/><line number="393" hits="9"/><line number="397" hits="9"/><line number="448" hits="9"/><line number="451" hits="17"/><line number="452" hits="16"/><line number="462" hits="10"/><line number="467" hits="10"/><line number="468" hits="20"/><line number="469" hits="10"/><line number="483" hits="9"/><line number="492" hits="0"/><line number="493" hits="9"/><line number="494" hits="0"/><line number="495" hits="0"/><line number="505" hits="0"/><line number="506" hits="0"/><line number="510" hits="8"/><line number="516" hits="8"/></lines></class><class name="transport" filename="libcoap/src/transport.rs" line-rate="0.6923076923076923" branch-rate="0" complexity="0"><methods/><lines><line number="28" hits="0"/><line number="33" hits="0"/><line number="38" hits="8"/><line number="47" hits="8"/><line number="48" hits="8"/><line number="53" hits="16"/><line number="54" hits="0"/><line number="56" hits="8"/><line number="60" hits="8"/><line number="61" hits="8"/><line number="66" hits="8"/><line number="68" hits="8"/><line number="69" hits="0"/></lines></class><class name="types" filename="libcoap/src/types.rs" line-rate="0.461864406779661" branch-rate="0" complexity="0"><methods/><lines><line number="60" hits="8"/><line number="76" hits="0"/><line number="83" hits="0"/><line number="84" hits="0"/><line number="91" hits="0"/><line number="95" hits="0"/><line number="99" hits="0"/><line number="101" hits="0"/><line number="102" hits="0"/><line number="109" hits="0"/><line number="111" hits="0"/><line number="112" hits="0"/><line number="113" hits="0"/><line number="114" hits="0"/><line number="119" hits="0"/><line number="121" hits="0"/><line number="126" hits="8"/><line number="127" hits="8"/><line number="128" hits="0"/><line number="134" hits="0"/><line number="138" hits="0"/><line number="151" hits="0"/><line number="152" hits="0"/><line number="153" hits="0"/><line number="155" hits="0"/><line number="157" hits="0"/><line number="160" hits="8"/><line number="166" hits="8"/><line number="170" hits="8"/><line number="183" hits="8"/><line number="184" hits="8"/><line number="185" hits="8"/><line number="187" hits="8"/><line number="188" hits="8"/><line number="191" hits="8"/><line number="200" hits="0"/><line number="201" hits="0"/><line number="207" hits="0"/><line number="208" hits="0"/><line number="211" hits="0"/><line number="231" hits="0"/><line number="232" hits="0"/><line number="235" hits="1"/><line number="236" hits="1"/><line number="243" hits="0"/><line number="245" hits="0"/><line number="246" hits="0"/><line number="247" hits="0"/><line number="248" hits="0"/><line number="249" hits="0"/><line number="250" hits="0"/><line number="251" hits="0"/><line number="252" hits="0"/><line number="253" hits="0"/><line number="259" hits="0"/><line number="260" hits="0"/><line number="261" hits="0"/><line number="262" hits="0"/><line number="263" hits="0"/><line number="264" hits="0"/><line number="265" hits="0"/><line number="266" hits="0"/><line number="267" hits="0"/><line number="268" hits="0"/><line number="274" hits="0"/><line number="275" hits="0"/><line number="280" hits="8"/><line number="281" hits="8"/><line number="282" hits="2"/><line number="283" hits="5"/><line number="284" hits="1"/><line number="285" hits="0"/><line number="371" hits="8"/><line number="378" hits="8"/><line number="381" hits="8"/><line number="411" hits="0"/><line number="418" hits="0"/><line number="421" hits="0"/><line number="450" hits="0"/><line number="451" hits="0"/><line number="477" hits="8"/><line number="479" hits="8"/><line number="504" hits="0"/><line number="506" hits="0"/><line number="530" hits="0"/><line number="533" hits="0"/><line number="534" hits="0"/><line number="538" hits="0"/><line number="539" hits="0"/><line number="540" hits="0"/><line number="541" hits="0"/><line number="546" hits="0"/><line number="550" hits="0"/><line number="551" hits="0"/><line number="552" hits="0"/><line number="553" hits="0"/><line number="558" hits="0"/><line number="559" hits="0"/><line number="560" hits="0"/><line number="561" hits="0"/><line number="566" hits="0"/><line number="570" hits="0"/><line number="571" hits="0"/><line number="572" hits="0"/><line number="573" hits="0"/><line number="578" hits="0"/><line number="582" hits="8"/><line number="583" hits="8"/><line number="588" hits="8"/><line number="596" hits="8"/><line number="618" hits="8"/><line number="623" hits="8"/><line number="624" hits="8"/><line number="625" hits="8"/><line number="636" hits="0"/><line number="638" hits="16"/><line number="639" hits="24"/><line number="643" hits="8"/><line number="644" hits="16"/><line number="647" hits="8"/><line number="651" hits="8"/><line number="653" hits="8"/><line number="654" hits="8"/><line number="662" hits="0"/><line number="663" hits="0"/><line number="679" hits="1"/><line number="681" hits="1"/><line number="682" hits="2"/><line number="687" hits="0"/><line number="688" hits="2"/><line number="693" hits="2"/><line number="694" hits="2"/><line number="699" hits="0"/><line number="702" hits="2"/><line number="704" hits="2"/><line number="711" hits="2"/><line number="714" hits="1"/><line number="715" hits="2"/><line number="717" hits="1"/><line number="718" hits="2"/><line number="719" hits="2"/><line number="721" hits="1"/><line number="722" hits="1"/><line number="723" hits="2"/><line number="725" hits="1"/><line number="726" hits="1"/><line number="727" hits="2"/><line number="730" hits="1"/><line number="735" hits="8"/><line number="736" hits="8"/><line number="738" hits="8"/><line number="764" hits="8"/><line number="769" hits="8"/><line number="770" hits="8"/><line number="776" hits="8"/><line number="777" hits="8"/><line number="778" hits="16"/><line number="779" hits="8"/><line number="780" hits="8"/><line number="784" hits="0"/><line number="786" hits="8"/><line number="790" hits="8"/><line number="798" hits="8"/><line number="799" hits="0"/><line number="801" hits="8"/><line number="803" hits="18"/><line number="804" hits="16"/><line number="805" hits="24"/><line number="807" hits="8"/><line number="809" hits="16"/><line number="810" hits="16"/><line number="811" hits="16"/><line number="812" hits="8"/><line number="816" hits="32"/><line number="818" hits="24"/><line number="820" hits="24"/><line number="822" hits="16"/><line number="823" hits="24"/><line number="829" hits="0"/><line number="830" hits="0"/><line number="831" hits="0"/><line number="836" hits="0"/><line number="837" hits="0"/><line number="838" hits="0"/><line number="846" hits="1"/><line number="849" hits="1"/><line number="865" hits="8"/><line number="866" hits="8"/><line number="871" hits="0"/><line number="872" hits="0"/><line number="889" hits="0"/><line number="890" hits="0"/><line number="891" hits="0"/><line number="892" hits="0"/><line number="899" hits="8"/><line number="900" hits="8"/><line number="905" hits="0"/><line number="906" hits="0"/><line number="907" hits="0"/><line number="908" hits="0"/><line number="909" hits="0"/><line number="910" hits="0"/><line number="911" hits="0"/><line number="916" hits="1"/><line number="917" hits="1"/><line number="918" hits="0"/><line number="920" hits="1"/><line number="921" hits="2"/><line number="922" hits="1"/><line number="923" hits="1"/><line number="924" hits="1"/><line number="928" hits="1"/><line number="930" hits="2"/><line number="936" hits="1"/><line number="938" hits="2"/><line number="939" hits="1"/><line number="940" hits="2"/><line number="941" hits="1"/><line number="946" hits="0"/><line number="948" hits="0"/><line number="956" hits="0"/><line number="958" hits="0"/><line number="959" hits="0"/><line number="960" hits="0"/><line number="961" hits="0"/><line number="964" hits="0"/><line number="966" hits="0"/><line number="972" hits="0"/><line number="974" hits="0"/><line number="975" hits="0"/><line number="976" hits="0"/><line number="977" hits="0"/><line number="980" hits="0"/><line number="982" hits="0"/><line number="988" hits="0"/><line number="989" hits="0"/></lines></class></classes></package><package name="libcoap/src/message" line-rate="0.40544871794871795" branch-rate="0" complexity="0"><classes><class name="mod" filename="libcoap/src/message/mod.rs" line-rate="0.5384615384615384" branch-rate="0" complexity="0"><methods/><lines><line number="90" hits="8"/><line number="94" hits="8"/><line number="95" hits="8"/><line number="96" hits="8"/><line number="98" hits="8"/><line number="102" hits="8"/><line number="103" hits="8"/><line number="104" hits="0"/><line number="105" hits="0"/><line number="106" hits="0"/><line number="107" hits="0"/><line number="108" hits="16"/><line number="109" hits="0"/><line number="110" hits="0"/><line number="111" hits="0"/><line number="112" hits="0"/><line number="113" hits="0"/><line number="114" hits="0"/><line number="115" hits="0"/><line number="116" hits="0"/><line number="117" hits="0"/><line number="118" hits="0"/><line number="119" hits="0"/><line number="120" hits="0"/><line number="121" hits="0"/><line number="122" hits="0"/><line number="123" hits="0"/><line number="124" hits="2"/><line number="125" hits="0"/><line number="126" hits="0"/><line number="127" hits="0"/><line number="128" hits="0"/><line number="129" hits="0"/><line number="130" hits="0"/><line number="135" hits="8"/><line number="136" hits="16"/><line number="137" hits="8"/><line number="138" hits="0"/><line number="139" hits="0"/><line number="140" hits="0"/><line number="142" hits="0"/><line number="143" hits="0"/><line number="144" hits="0"/><line number="145" hits="16"/><line number="146" hits="0"/><line number="147" hits="0"/><line number="148" hits="0"/><line number="149" hits="0"/><line number="150" hits="0"/><line number="151" hits="0"/><line number="152" hits="0"/><line number="153" hits="0"/><line number="154" hits="0"/><line number="155" hits="0"/><line number="156" hits="0"/><line number="157" hits="0"/><line number="158" hits="0"/><line number="159" hits="0"/><line number="160" hits="0"/><line number="161" hits="2"/><line number="162" hits="0"/><line number="163" hits="0"/><line number="164" hits="0"/><line number="165" hits="0"/><line number="166" hits="0"/><line number="167" hits="0"/><line number="169" hits="16"/><line number="170" hits="16"/><line number="171" hits="0"/><line number="172" hits="16"/><line number="173" hits="0"/><line number="176" hits="8"/><line number="181" hits="8"/><line number="182" hits="16"/><line number="183" hits="8"/><line number="184" hits="16"/><line number="197" hits="8"/><line number="198" hits="8"/><line number="199" hits="8"/><line number="203" hits="8"/><line number="204" hits="16"/><line number="205" hits="8"/><line number="206" hits="16"/><line number="207" hits="0"/><line number="208" hits="16"/><line number="209" hits="0"/><line number="211" hits="8"/><line number="212" hits="0"/><line number="213" hits="0"/><line number="215" hits="0"/><line number="217" hits="0"/><line number="218" hits="0"/><line number="219" hits="0"/><line number="220" hits="0"/><line number="221" hits="0"/><line number="222" hits="16"/><line number="224" hits="0"/><line number="226" hits="0"/><line number="227" hits="0"/><line number="228" hits="0"/><line number="229" hits="0"/><line number="230" hits="0"/><line number="231" hits="0"/><line number="232" hits="0"/><line number="233" hits="0"/><line number="234" hits="0"/><line number="235" hits="0"/><line number="236" hits="0"/><line number="238" hits="0"/><line number="240" hits="2"/><line number="241" hits="0"/><line number="242" hits="0"/><line number="243" hits="16"/><line number="244" hits="0"/><line number="245" hits="0"/><line number="248" hits="0"/><line number="254" hits="8"/><line number="255" hits="24"/><line number="258" hits="16"/><line number="259" hits="8"/><line number="264" hits="0"/><line number="265" hits="0"/><line number="266" hits="0"/><line number="267" hits="0"/><line number="268" hits="0"/><line number="270" hits="0"/><line number="271" hits="0"/><line number="273" hits="0"/><line number="279" hits="8"/><line number="280" hits="16"/><line number="284" hits="8"/><line number="285" hits="8"/><line number="289" hits="8"/><line number="290" hits="8"/><line number="294" hits="0"/><line number="295" hits="0"/><line number="299" hits="0"/><line number="300" hits="0"/><line number="306" hits="16"/><line number="307" hits="16"/><line number="311" hits="8"/><line number="312" hits="8"/><line number="316" hits="8"/><line number="317" hits="8"/><line number="321" hits="8"/><line number="322" hits="8"/><line number="326" hits="9"/><line number="327" hits="27"/><line number="331" hits="9"/><line number="332" hits="9"/><line number="336" hits="16"/><line number="337" hits="48"/><line number="344" hits="8"/><line number="345" hits="8"/><line number="373" hits="8"/><line number="379" hits="8"/><line number="389" hits="8"/><line number="390" hits="8"/><line number="391" hits="8"/><line number="392" hits="8"/><line number="393" hits="8"/><line number="394" hits="8"/><line number="395" hits="16"/><line number="396" hits="16"/><line number="397" hits="0"/><line number="400" hits="8"/><line number="401" hits="8"/><line number="402" hits="8"/><line number="403" hits="8"/><line number="404" hits="8"/><line number="405" hits="16"/><line number="407" hits="8"/><line number="408" hits="16"/><line number="409" hits="8"/><line number="410" hits="8"/><line number="411" hits="8"/><line number="412" hits="8"/><line number="413" hits="8"/><line number="414" hits="16"/><line number="415" hits="8"/><line number="424" hits="8"/><line number="428" hits="16"/><line number="432" hits="8"/><line number="433" hits="8"/><line number="434" hits="8"/><line number="435" hits="8"/><line number="438" hits="8"/><line number="439" hits="0"/><line number="443" hits="8"/><line number="444" hits="16"/><line number="445" hits="0"/><line number="447" hits="8"/><line number="465" hits="16"/><line number="470" hits="32"/><line number="471" hits="32"/><line number="472" hits="16"/><line number="473" hits="16"/><line number="474" hits="16"/><line number="476" hits="32"/><line number="478" hits="24"/><line number="479" hits="0"/><line number="482" hits="48"/><line number="483" hits="16"/><line number="484" hits="8"/><line number="485" hits="0"/><line number="489" hits="16"/><line number="490" hits="32"/><line number="491" hits="49"/><line number="492" hits="18"/><line number="497" hits="9"/><line number="499" hits="0"/><line number="500" hits="2"/><line number="501" hits="2"/><line number="504" hits="1"/><line number="506" hits="1"/><line number="508" hits="1"/><line number="509" hits="0"/><line number="510" hits="0"/><line number="514" hits="0"/><line number="517" hits="16"/><line number="519" hits="0"/><line number="520" hits="16"/><line number="521" hits="0"/><line number="522" hits="0"/><line number="523" hits="0"/><line number="526" hits="8"/><line number="527" hits="8"/><line number="528" hits="8"/><line number="530" hits="1"/><line number="531" hits="1"/><line number="535" hits="16"/><line number="536" hits="8"/><line number="537" hits="8"/><line number="538" hits="8"/><line number="539" hits="0"/><line number="542" hits="41"/><line number="543" hits="9"/><line number="544" hits="0"/><line number="545" hits="0"/><line number="546" hits="1"/><line number="547" hits="2"/><line number="549" hits="1"/><line number="550" hits="0"/><line number="551" hits="0"/><line number="552" hits="0"/><line number="553" hits="1"/><line number="554" hits="0"/><line number="557" hits="0"/><line number="560" hits="16"/><line number="561" hits="8"/><line number="562" hits="0"/><line number="567" hits="16"/><line number="572" hits="8"/><line number="576" hits="8"/><line number="582" hits="0"/><line number="583" hits="0"/><line number="588" hits="0"/><line number="589" hits="0"/><line number="594" hits="1"/><line number="595" hits="2"/></lines></class><class name="request" filename="libcoap/src/message/request.rs" line-rate="0.34545454545454546" branch-rate="0" complexity="0"><methods/><lines><line number="49" hits="8"/><line number="50" hits="8"/><line number="52" hits="0"/><line number="54" hits="8"/><line number="55" hits="16"/><line number="56" hits="8"/><line number="57" hits="8"/><line number="58" hits="8"/><line number="59" hits="8"/><line number="60" hits="8"/><line number="62" hits="8"/><line number="63" hits="8"/><line number="64" hits="8"/><line number="69" hits="0"/><line number="70" hits="0"/><line number="79" hits="0"/><line number="80" hits="0"/><line number="84" hits="0"/><line number="85" hits="0"/><line number="97" hits="0"/><line number="98" hits="0"/><line number="102" hits="0"/><line number="103" hits="0"/><line number="113" hits="0"/><line number="114" hits="0"/><line number="118" hits="0"/><line number="119" hits="0"/><line number="130" hits="0"/><line number="131" hits="0"/><line number="135" hits="0"/><line number="136" hits="0"/><line number="148" hits="0"/><line number="149" hits="0"/><line number="153" hits="0"/><line number="154" hits="0"/><line number="164" hits="0"/><line number="165" hits="0"/><line number="169" hits="0"/><line number="170" hits="0"/><line number="180" hits="0"/><line number="181" hits="0"/><line number="185" hits="0"/><line number="186" hits="0"/><line number="196" hits="1"/><line number="197" hits="1"/><line number="201" hits="0"/><line number="202" hits="0"/><line number="208" hits="8"/><line number="212" hits="8"/><line number="213" hits="8"/><line number="214" hits="8"/><line number="215" hits="8"/><line number="216" hits="8"/><line number="217" hits="8"/><line number="218" hits="8"/><line number="219" hits="8"/><line number="220" hits="8"/><line number="221" hits="8"/><line number="222" hits="8"/><line number="223" hits="8"/><line number="224" hits="8"/><line number="225" hits="8"/><line number="226" hits="8"/><line number="227" hits="24"/><line number="228" hits="8"/><line number="229" hits="0"/><line number="230" hits="0"/><line number="231" hits="0"/><line number="233" hits="0"/><line number="235" hits="0"/><line number="236" hits="0"/><line number="237" hits="0"/><line number="238" hits="0"/><line number="241" hits="0"/><line number="243" hits="0"/><line number="244" hits="0"/><line number="245" hits="0"/><line number="246" hits="0"/><line number="249" hits="0"/><line number="251" hits="0"/><line number="252" hits="0"/><line number="253" hits="0"/><line number="254" hits="0"/><line number="257" hits="0"/><line number="259" hits="8"/><line number="260" hits="24"/><line number="261" hits="8"/><line number="263" hits="16"/><line number="265" hits="0"/><line number="266" hits="0"/><line number="267" hits="0"/><line number="269" hits="0"/><line number="271" hits="0"/><line number="272" hits="0"/><line number="273" hits="0"/><line number="276" hits="0"/><line number="277" hits="0"/><line number="278" hits="0"/><line number="281" hits="0"/><line number="282" hits="0"/><line number="283" hits="0"/><line number="284" hits="0"/><line number="287" hits="0"/><line number="289" hits="0"/><line number="290" hits="0"/><line number="291" hits="0"/><line number="292" hits="0"/><line number="295" hits="0"/><line number="297" hits="0"/><line number="298" hits="0"/><line number="299" hits="0"/><line number="300" hits="0"/><line number="303" hits="0"/><line number="305" hits="0"/><line number="306" hits="0"/><line number="307" hits="0"/><line number="308" hits="0"/><line number="311" hits="0"/><line number="314" hits="0"/><line number="315" hits="0"/><line number="316" hits="0"/><line number="317" hits="0"/><line number="321" hits="0"/><line number="322" hits="0"/><line number="323" hits="0"/><line number="324" hits="0"/><line number="328" hits="0"/><line number="329" hits="0"/><line number="330" hits="0"/><line number="331" hits="0"/><line number="332" hits="0"/><line number="333" hits="0"/><line number="336" hits="0"/><line number="338" hits="0"/><line number="339" hits="0"/><line number="340" hits="0"/><line number="341" hits="0"/><line number="344" hits="0"/><line number="346" hits="0"/><line number="347" hits="0"/><line number="348" hits="0"/><line number="350" hits="0"/><line number="352" hits="0"/><line number="353" hits="0"/><line number="354" hits="0"/><line number="357" hits="1"/><line number="358" hits="2"/><line number="359" hits="0"/><line number="360" hits="0"/><line number="363" hits="1"/><line number="366" hits="0"/><line number="369" hits="0"/><line number="372" hits="0"/><line number="374" hits="0"/><line number="375" hits="0"/><line number="379" hits="8"/><line number="380" hits="16"/><line number="381" hits="0"/><line number="383" hits="8"/><line number="384" hits="0"/><line number="385" hits="0"/><line number="386" hits="0"/><line number="389" hits="24"/><line number="390" hits="0"/><line number="392" hits="8"/><line number="393" hits="8"/><line number="395" hits="8"/><line number="397" hits="0"/><line number="398" hits="0"/><line number="399" hits="0"/><line number="400" hits="0"/><line number="401" hits="0"/><line number="404" hits="16"/><line number="405" hits="8"/><line number="406" hits="8"/><line number="407" hits="24"/><line number="408" hits="8"/><line number="412" hits="0"/><line number="414" hits="8"/><line number="415" hits="8"/><line number="416" hits="0"/><line number="417" hits="8"/><line number="418" hits="8"/><line number="419" hits="8"/><line number="420" hits="8"/><line number="421" hits="8"/><line number="422" hits="8"/><line number="423" hits="8"/><line number="424" hits="8"/><line number="429" hits="8"/><line number="430" hits="16"/><line number="431" hits="0"/><line number="432" hits="0"/><line number="435" hits="32"/><line number="436" hits="8"/><line number="437" hits="0"/><line number="439" hits="8"/><line number="440" hits="0"/><line number="441" hits="0"/><line number="444" hits="8"/><line number="445" hits="0"/><line number="446" hits="0"/><line number="449" hits="8"/><line number="450" hits="0"/><line number="452" hits="8"/><line number="453" hits="0"/><line number="455" hits="8"/><line number="456" hits="0"/><line number="458" hits="8"/><line number="459" hits="0"/><line number="461" hits="9"/><line number="462" hits="2"/><line number="464" hits="8"/><line number="473" hits="0"/><line number="474" hits="0"/><line number="475" hits="0"/><line number="476" hits="0"/><line number="477" hits="0"/><line number="482" hits="8"/><line number="486" hits="8"/></lines></class><class name="response" filename="libcoap/src/message/response.rs" line-rate="0.2569444444444444" branch-rate="0" complexity="0"><methods/><lines><line number="35" hits="0"/><line number="36" hits="0"/><line number="38" hits="0"/><line number="40" hits="0"/><line number="41" hits="0"/><line number="42" hits="0"/><line number="43" hits="0"/><line number="44" hits="0"/><line number="45" hits="0"/><line number="46" hits="0"/><line number="47" hits="0"/><line number="52" hits="0"/><line number="53" hits="0"/><line number="62" hits="0"/><line number="63" hits="0"/><line number="67" hits="0"/><line number="68" hits="0"/><line number="77" hits="0"/><line number="78" hits="0"/><line number="82" hits="0"/><line number="83" hits="0"/><line number="96" hits="0"/><line number="97" hits="0"/><line number="101" hits="0"/><line number="102" hits="0"/><line number="116" hits="0"/><line number="117" hits="0"/><line number="121" hits="0"/><line number="122" hits="0"/><line number="132" hits="0"/><line number="133" hits="0"/><line number="137" hits="0"/><line number="138" hits="0"/><line number="153" hits="0"/><line number="154" hits="0"/><line number="155" hits="0"/><line number="156" hits="0"/><line number="158" hits="0"/><line number="162" hits="8"/><line number="163" hits="8"/><line number="164" hits="0"/><line number="166" hits="8"/><line number="167" hits="0"/><line number="169" hits="8"/><line number="170" hits="0"/><line number="172" hits="8"/><line number="173" hits="0"/><line number="175" hits="9"/><line number="181" hits="2"/><line number="182" hits="0"/><line number="185" hits="8"/><line number="191" hits="8"/><line number="192" hits="8"/><line number="193" hits="8"/><line number="194" hits="8"/><line number="195" hits="8"/><line number="196" hits="8"/><line number="197" hits="8"/><line number="198" hits="8"/><line number="199" hits="8"/><line number="200" hits="17"/><line number="201" hits="1"/><line number="202" hits="0"/><line number="203" hits="0"/><line number="204" hits="0"/><line number="206" hits="0"/><line number="208" hits="0"/><line number="209" hits="0"/><line number="210" hits="0"/><line number="212" hits="0"/><line number="214" hits="0"/><line number="215" hits="0"/><line number="216" hits="0"/><line number="217" hits="0"/><line number="220" hits="0"/><line number="222" hits="0"/><line number="223" hits="0"/><line number="224" hits="0"/><line number="225" hits="0"/><line number="228" hits="0"/><line number="230" hits="1"/><line number="231" hits="2"/><line number="232" hits="0"/><line number="233" hits="0"/><line number="236" hits="1"/><line number="239" hits="0"/><line number="240" hits="0"/><line number="244" hits="0"/><line number="245" hits="0"/><line number="249" hits="0"/><line number="250" hits="0"/><line number="254" hits="0"/><line number="255" hits="0"/><line number="259" hits="0"/><line number="260" hits="0"/><line number="264" hits="0"/><line number="265" hits="0"/><line number="269" hits="0"/><line number="270" hits="0"/><line number="274" hits="0"/><line number="275" hits="0"/><line number="278" hits="0"/><line number="279" hits="0"/><line number="280" hits="0"/><line number="281" hits="0"/><line number="284" hits="0"/><line number="287" hits="0"/><line number="288" hits="0"/><line number="292" hits="0"/><line number="293" hits="0"/><line number="298" hits="0"/><line number="299" hits="0"/><line number="306" hits="0"/><line number="307" hits="0"/><line number="311" hits="0"/><line number="312" hits="0"/><line number="317" hits="0"/><line number="318" hits="0"/><line number="319" hits="0"/><line number="320" hits="0"/><line number="323" hits="0"/><line number="331" hits="0"/><line number="334" hits="24"/><line number="335" hits="0"/><line number="336" hits="0"/><line number="337" hits="0"/><line number="338" hits="0"/><line number="339" hits="0"/><line number="342" hits="8"/><line number="344" hits="8"/><line number="345" hits="8"/><line number="346" hits="8"/><line number="347" hits="8"/><line number="348" hits="8"/><line number="349" hits="8"/><line number="350" hits="8"/><line number="351" hits="8"/><line number="362" hits="8"/><line number="363" hits="8"/><line number="364" hits="8"/><line number="365" hits="0"/><line number="366" hits="0"/><line number="371" hits="8"/><line number="375" hits="8"/></lines></class></classes></package><package name="libcoap" line-rate="0.4665207877461707" branch-rate="0" complexity="0"><classes></classes></package><package name="libcoap/src/crypto" line-rate="0.3663594470046083" branch-rate="0" complexity="0"><classes></classes></package><package name="libcoap/src/crypto/psk" line-rate="0.3225806451612903" branch-rate="0" complexity="0"><classes><class name="client" filename="libcoap/src/crypto/psk/client.rs" line-rate="0.3114754098360656" branch-rate="0" complexity="0"><methods/><lines><line number="38" hits="1"/><line number="40" hits="2"/><line number="70" hits="0"/><line number="71" hits="0"/><line number="72" hits="0"/><line number="73" hits="0"/><line number="77" hits="1"/><line number="78" hits="1"/><line number="80" hits="1"/><line number="81" hits="2"/><line number="82" hits="0"/><line number="90" hits="1"/><line number="91" hits="1"/><line number="103" hits="0"/><line number="104" hits="0"/><line number="105" hits="0"/><line number="114" hits="0"/><line number="115" hits="0"/><line number="116" hits="0"/><line number="135" hits="0"/><line number="140" hits="0"/><line number="143" hits="0"/><line number="144" hits="0"/><line number="145" hits="0"/><line number="167" hits="0"/><line number="172" hits="0"/><line number="173" hits="0"/><line number="177" hits="0"/><line number="179" hits="0"/><line number="180" hits="0"/><line number="181" hits="0"/><line number="184" hits="0"/><line number="185" hits="0"/><line number="187" hits="0"/><line number="196" hits="1"/><line number="205" hits="1"/><line number="206" hits="1"/><line number="207" hits="1"/><line number="208" hits="1"/><line number="210" hits="1"/><line number="212" hits="1"/><line number="231" hits="0"/><line number="232" hits="0"/><line number="233" hits="0"/><line number="234" hits="0"/><line number="237" hits="0"/><line number="263" hits="1"/><line number="264" hits="2"/><line number="267" hits="0"/><line number="270" hits="2"/><line number="274" hits="0"/><line number="280" hits="2"/><line number="308" hits="0"/><line number="309" hits="0"/><line number="310" hits="0"/><line number="312" hits="0"/><line number="325" hits="0"/><line number="330" hits="0"/><line number="331" hits="0"/><line number="332" hits="0"/><line number="334" hits="0"/></lines></class><class name="key" filename="libcoap/src/crypto/psk/key.rs" line-rate="0.5813953488372093" branch-rate="0" complexity="0"><methods/><lines><line number="31" hits="1"/><line number="33" hits="4"/><line number="34" hits="2"/><line number="35" hits="1"/><line number="42" hits="0"/><line number="43" hits="0"/><line number="47" hits="0"/><line number="48" hits="0"/><line number="62" hits="1"/><line number="63" hits="1"/><line number="76" hits="1"/><line number="79" hits="1"/><line number="93" hits="1"/><line number="94" hits="1"/><line number="107" hits="1"/><line number="110" hits="1"/><line number="118" hits="1"/><line number="119" hits="2"/><line number="121" hits="1"/><line number="122" hits="1"/><line number="123" hits="1"/><line number="130" hits="1"/><line number="131" hits="1"/><line number="133" hits="1"/><line number="143" hits="1"/><line number="149" hits="1"/><line number="150" hits="2"/><line number="153" hits="2"/><line number="157" hits="1"/><line number="163" hits="0"/><line number="167" hits="0"/><line number="173" hits="0"/><line number="176" hits="0"/><line number="177" hits="0"/><line number="183" hits="0"/><line number="186" hits="0"/><line number="187" hits="0"/><line number="193" hits="0"/><line number="195" hits="0"/><line number="196" hits="0"/><line number="197" hits="0"/><line number="203" hits="0"/><line number="204" hits="0"/></lines></class><class name="server" filename="libcoap/src/crypto/psk/server.rs" line-rate="0.1951219512195122" branch-rate="0" complexity="0"><methods/><lines><line number="40" hits="1"/><line number="42" hits="2"/><line number="67" hits="0"/><line number="68" hits="0"/><line number="69" hits="0"/><line number="70" hits="0"/><line number="82" hits="0"/><line number="83" hits="0"/><line number="84" hits="0"/><line number="85" hits="0"/><line number="89" hits="1"/><line number="90" hits="1"/><line number="92" hits="1"/><line number="93" hits="2"/><line number="94" hits="0"/><line number="96" hits="2"/><line number="97" hits="0"/><line number="112" hits="0"/><line number="113" hits="0"/><line number="114" hits="0"/><line number="138" hits="1"/><line number="139" hits="2"/><line number="142" hits="0"/><line number="145" hits="2"/><line number="149" hits="0"/><line number="152" hits="2"/><line number="156" hits="0"/><line number="162" hits="2"/><line number="185" hits="0"/><line number="186" hits="0"/><line number="187" hits="0"/><line number="191" hits="0"/><line number="193" hits="0"/><line number="194" hits="0"/><line number="195" hits="0"/><line number="198" hits="0"/><line number="200" hits="0"/><line number="202" hits="0"/><line number="217" hits="0"/><line number="218" hits="0"/><line number="219" hits="0"/><line number="221" hits="0"/><line number="222" hits="0"/><line number="223" hits="0"/><line number="224" hits="0"/><line number="226" hits="0"/><line number="228" hits="0"/><line number="242" hits="1"/><line number="246" hits="1"/><line number="249" hits="1"/><line number="250" hits="1"/><line number="251" hits="0"/><line number="267" hits="0"/><line number="268" hits="0"/><line number="269" hits="0"/><line number="270" hits="0"/><line number="273" hits="0"/><line number="292" hits="0"/><line number="293" hits="0"/><line number="294" hits="0"/><line number="295" hits="0"/><line number="296" hits="0"/><line number="314" hits="0"/><line number="315" hits="0"/><line number="316" hits="0"/><line number="322" hits="0"/><line number="323" hits="0"/><line number="324" hits="0"/><line number="332" hits="0"/><line number="333" hits="0"/><line number="339" hits="0"/><line number="340" hits="0"/><line number="352" hits="0"/><line number="357" hits="0"/><line number="364" hits="0"/><line number="365" hits="0"/><line number="366" hits="0"/><line number="377" hits="0"/><line number="382" hits="0"/><line number="389" hits="0"/><line number="390" hits="0"/><line number="391" hits="0"/></lines></class></classes></package><package name="libcoap/tests" line-rate="0.8714285714285714" branch-rate="0" complexity="0"><classes></classes></package><package name="libcoap/tests/common" line-rate="0.8714285714285714" branch-rate="0" complexity="0"><classes><class name="dtls" filename="libcoap/tests/common/dtls.rs" line-rate="0.8333333333333334" branch-rate="0" complexity="0"><methods/><lines><line number="18" hits="4"/><line number="29" hits="4"/><line number="30" hits="4"/><line number="31" hits="8"/><line number="32" hits="4"/><line number="33" hits="4"/><line number="34" hits="4"/><line number="35" hits="4"/><line number="36" hits="0"/><line number="37" hits="4"/><line number="38" hits="4"/><line number="41" hits="8"/><line number="43" hits="4"/><line number="44" hits="8"/><line number="46" hits="4"/><line number="47" hits="8"/><line number="48" hits="0"/><line number="49" hits="8"/><line number="50" hits="12"/><line number="51" hits="8"/><line number="52" hits="8"/><line number="53" hits="4"/><line number="54" hits="0"/><line number="56" hits="0"/></lines></class><class name="mod" filename="libcoap/tests/common/mod.rs" line-rate="0.8913043478260869" branch-rate="0" complexity="0"><methods/><lines><line number="31" hits="6"/><line number="42" hits="12"/><line number="53" hits="8"/><line number="58" hits="16"/><line number="59" hits="16"/><line number="61" hits="16"/><line number="62" hits="16"/><line number="63" hits="16"/><line number="64" hits="8"/><line number="65" hits="16"/><line number="66" hits="16"/><line number="67" hits="8"/><line number="68" hits="8"/><line number="72" hits="16"/><line number="74" hits="8"/><line number="75" hits="16"/><line number="76" hits="8"/><line number="78" hits="0"/><line number="80" hits="8"/><line number="84" hits="8"/><line number="88" hits="8"/><line number="89" hits="8"/><line number="90" hits="8"/><line number="92" hits="16"/><line number="93" hits="16"/><line number="94" hits="8"/><line number="95" hits="16"/><line number="96" hits="8"/><line number="97" hits="8"/><line number="98" hits="16"/><line number="99" hits="7"/><line number="100" hits="7"/><line number="101" hits="7"/><line number="102" hits="7"/><line number="103" hits="7"/><line number="108" hits="8"/><line number="109" hits="0"/><line number="110" hits="8"/><line number="111" hits="0"/><line number="112" hits="0"/><line number="114" hits="8"/><line number="115" hits="0"/><line number="118" hits="8"/><line number="121" hits="7"/><line number="122" hits="7"/><line number="124" hits="7"/></lines></class></classes></package></packages></coverage>