<?xml version="1.0"?><coverage lines-covered="879" lines-valid="2249" line-rate="0.39084037349933304" branches-covered="0" branches-valid="0" branch-rate="0" complexity="0" version="1.9" timestamp="1726077755"><sources><source>/home/runner/work/libcoap-rs/libcoap-rs</source></sources><packages><package name="libcoap/src/message" line-rate="0.3667763157894737" branch-rate="0" complexity="0"><classes><class name="mod" filename="libcoap/src/message/mod.rs" line-rate="0.49387755102040815" branch-rate="0" complexity="0"><methods/><lines><line number="93" hits="3"/><line number="97" hits="3"/><line number="98" hits="3"/><line number="99" hits="3"/><line number="101" hits="3"/><line number="105" hits="3"/><line number="106" hits="3"/><line number="107" hits="0"/><line number="108" hits="0"/><line number="109" hits="0"/><line number="110" hits="0"/><line number="111" hits="6"/><line number="112" hits="0"/><line number="113" hits="0"/><line number="114" hits="0"/><line number="115" hits="0"/><line number="116" hits="0"/><line number="117" hits="0"/><line number="118" hits="0"/><line number="119" hits="0"/><line number="120" hits="0"/><line number="121" hits="0"/><line number="122" hits="0"/><line number="123" hits="0"/><line number="124" hits="0"/><line number="125" hits="0"/><line number="126" hits="0"/><line number="127" hits="0"/><line number="128" hits="0"/><line number="129" hits="0"/><line number="130" hits="0"/><line number="131" hits="0"/><line number="132" hits="0"/><line number="133" hits="0"/><line number="138" hits="3"/><line number="139" hits="6"/><line number="140" hits="3"/><line number="141" hits="0"/><line number="142" hits="0"/><line number="143" hits="0"/><line number="145" hits="0"/><line number="146" hits="0"/><line number="147" hits="0"/><line number="148" hits="6"/><line number="149" hits="0"/><line number="150" hits="0"/><line number="151" hits="0"/><line number="152" hits="0"/><line number="153" hits="0"/><line number="154" hits="0"/><line number="155" hits="0"/><line number="156" hits="0"/><line number="157" hits="0"/><line number="158" hits="0"/><line number="159" hits="0"/><line number="160" hits="0"/><line number="161" hits="0"/><line number="162" hits="0"/><line number="163" hits="0"/><line number="164" hits="0"/><line number="165" hits="0"/><line number="166" hits="0"/><line number="167" hits="0"/><line number="168" hits="0"/><line number="169" hits="0"/><line number="170" hits="0"/><line number="172" hits="6"/><line number="173" hits="6"/><line number="174" hits="0"/><line number="175" hits="6"/><line number="176" hits="0"/><line number="179" hits="3"/><line number="184" hits="3"/><line number="185" hits="6"/><line number="186" hits="3"/><line number="187" hits="6"/><line number="200" hits="3"/><line number="201" hits="3"/><line number="202" hits="3"/><line number="206" hits="3"/><line number="207" hits="6"/><line number="208" hits="3"/><line number="209" hits="6"/><line number="210" hits="0"/><line number="211" hits="6"/><line number="212" hits="0"/><line number="214" hits="3"/><line number="215" hits="0"/><line number="216" hits="0"/><line number="218" hits="0"/><line number="220" hits="0"/><line number="221" hits="0"/><line number="222" hits="0"/><line number="223" hits="0"/><line number="224" hits="0"/><line number="225" hits="6"/><line number="227" hits="0"/><line number="229" hits="0"/><line number="230" hits="0"/><line number="231" hits="0"/><line number="232" hits="0"/><line number="233" hits="0"/><line number="234" hits="0"/><line number="235" hits="0"/><line number="236" hits="0"/><line number="237" hits="0"/><line number="238" hits="0"/><line number="239" hits="0"/><line number="241" hits="0"/><line number="243" hits="0"/><line number="244" hits="0"/><line number="245" hits="0"/><line number="246" hits="6"/><line number="247" hits="0"/><line number="248" hits="0"/><line number="251" hits="0"/><line number="257" hits="3"/><line number="258" hits="9"/><line number="261" hits="6"/><line number="262" hits="3"/><line number="267" hits="0"/><line number="268" hits="0"/><line number="269" hits="0"/><line number="270" hits="0"/><line number="271" hits="0"/><line number="273" hits="0"/><line number="274" hits="0"/><line number="276" hits="0"/><line number="282" hits="3"/><line number="283" hits="6"/><line number="287" hits="3"/><line number="288" hits="3"/><line number="292" hits="3"/><line number="293" hits="3"/><line number="297" hits="0"/><line number="298" hits="0"/><line number="302" hits="0"/><line number="303" hits="0"/><line number="309" hits="6"/><line number="310" hits="6"/><line number="314" hits="3"/><line number="315" hits="3"/><line number="319" hits="3"/><line number="320" hits="3"/><line number="324" hits="3"/><line number="325" hits="3"/><line number="329" hits="3"/><line number="330" hits="9"/><line number="334" hits="3"/><line number="335" hits="3"/><line number="339" hits="6"/><line number="340" hits="18"/><line number="347" hits="3"/><line number="348" hits="3"/><line number="376" hits="3"/><line number="382" hits="3"/><line number="392" hits="3"/><line number="393" hits="3"/><line number="394" hits="3"/><line number="395" hits="3"/><line number="396" hits="3"/><line number="397" hits="3"/><line number="398" hits="6"/><line number="399" hits="6"/><line number="400" hits="0"/><line number="403" hits="3"/><line number="404" hits="3"/><line number="405" hits="3"/><line number="406" hits="3"/><line number="407" hits="3"/><line number="408" hits="6"/><line number="410" hits="3"/><line number="411" hits="6"/><line number="412" hits="3"/><line number="413" hits="3"/><line number="414" hits="3"/><line number="415" hits="3"/><line number="416" hits="3"/><line number="417" hits="6"/><line number="418" hits="3"/><line number="427" hits="6"/><line number="431" hits="12"/><line number="436" hits="6"/><line number="437" hits="6"/><line number="438" hits="6"/><line number="439" hits="6"/><line number="442" hits="6"/><line number="443" hits="0"/><line number="447" hits="6"/><line number="448" hits="12"/><line number="449" hits="0"/><line number="451" hits="6"/><line number="469" hits="6"/><line number="474" hits="12"/><line number="475" hits="12"/><line number="476" hits="6"/><line number="477" hits="6"/><line number="478" hits="6"/><line number="479" hits="6"/><line number="480" hits="0"/><line number="482" hits="6"/><line number="483" hits="12"/><line number="484" hits="18"/><line number="485" hits="6"/><line number="486" hits="3"/><line number="488" hits="0"/><line number="489" hits="6"/><line number="490" hits="0"/><line number="491" hits="0"/><line number="492" hits="0"/><line number="495" hits="3"/><line number="496" hits="3"/><line number="497" hits="3"/><line number="499" hits="0"/><line number="500" hits="0"/><line number="504" hits="6"/><line number="505" hits="3"/><line number="506" hits="3"/><line number="507" hits="3"/><line number="508" hits="0"/><line number="511" hits="15"/><line number="512" hits="3"/><line number="513" hits="0"/><line number="514" hits="0"/><line number="515" hits="0"/><line number="516" hits="0"/><line number="518" hits="0"/><line number="519" hits="0"/><line number="520" hits="0"/><line number="521" hits="0"/><line number="522" hits="0"/><line number="523" hits="0"/><line number="526" hits="0"/><line number="529" hits="6"/><line number="530" hits="3"/><line number="531" hits="0"/><line number="536" hits="6"/><line number="541" hits="3"/><line number="545" hits="3"/><line number="551" hits="0"/><line number="552" hits="0"/><line number="557" hits="3"/><line number="558" hits="3"/><line number="563" hits="0"/><line number="564" hits="0"/></lines></class><class name="request" filename="libcoap/src/message/request.rs" line-rate="0.3181818181818182" branch-rate="0" complexity="0"><methods/><lines><line number="49" hits="3"/><line number="50" hits="3"/><line number="52" hits="0"/><line number="54" hits="3"/><line number="55" hits="6"/><line number="56" hits="3"/><line number="57" hits="3"/><line number="58" hits="3"/><line number="59" hits="3"/><line number="60" hits="3"/><line number="62" hits="3"/><line number="63" hits="3"/><line number="64" hits="3"/><line number="69" hits="0"/><line number="70" hits="0"/><line number="79" hits="0"/><line number="80" hits="0"/><line number="84" hits="0"/><line number="85" hits="0"/><line number="97" hits="0"/><line number="98" hits="0"/><line number="102" hits="0"/><line number="103" hits="0"/><line number="113" hits="0"/><line number="114" hits="0"/><line number="118" hits="0"/><line number="119" hits="0"/><line number="130" hits="0"/><line number="131" hits="0"/><line number="135" hits="0"/><line number="136" hits="0"/><line number="148" hits="0"/><line number="149" hits="0"/><line number="153" hits="0"/><line number="154" hits="0"/><line number="164" hits="0"/><line number="165" hits="0"/><line number="169" hits="0"/><line number="170" hits="0"/><line number="180" hits="0"/><line number="181" hits="0"/><line number="185" hits="0"/><line number="186" hits="0"/><line number="196" hits="0"/><line number="197" hits="0"/><line number="201" hits="0"/><line number="202" hits="0"/><line number="208" hits="3"/><line number="212" hits="3"/><line number="213" hits="3"/><line number="214" hits="3"/><line number="215" hits="3"/><line number="216" hits="3"/><line number="217" hits="3"/><line number="218" hits="3"/><line number="219" hits="3"/><line number="220" hits="3"/><line number="221" hits="3"/><line number="222" hits="3"/><line number="223" hits="3"/><line number="224" hits="3"/><line number="225" hits="3"/><line number="226" hits="3"/><line number="227" hits="9"/><line number="228" hits="3"/><line number="229" hits="0"/><line number="230" hits="0"/><line number="231" hits="0"/><line number="233" hits="0"/><line number="235" hits="0"/><line number="236" hits="0"/><line number="237" hits="0"/><line number="238" hits="0"/><line number="241" hits="0"/><line number="243" hits="0"/><line number="244" hits="0"/><line number="245" hits="0"/><line number="246" hits="0"/><line number="249" hits="0"/><line number="251" hits="0"/><line number="252" hits="0"/><line number="253" hits="0"/><line number="254" hits="0"/><line number="257" hits="0"/><line number="259" hits="3"/><line number="260" hits="9"/><line number="261" hits="3"/><line number="263" hits="6"/><line number="265" hits="0"/><line number="266" hits="0"/><line number="267" hits="0"/><line number="269" hits="0"/><line number="271" hits="0"/><line number="272" hits="0"/><line number="273" hits="0"/><line number="276" hits="0"/><line number="277" hits="0"/><line number="278" hits="0"/><line number="281" hits="0"/><line number="282" hits="0"/><line number="283" hits="0"/><line number="284" hits="0"/><line number="287" hits="0"/><line number="289" hits="0"/><line number="290" hits="0"/><line number="291" hits="0"/><line number="292" hits="0"/><line number="295" hits="0"/><line number="297" hits="0"/><line number="298" hits="0"/><line number="299" hits="0"/><line number="300" hits="0"/><line number="303" hits="0"/><line number="305" hits="0"/><line number="306" hits="0"/><line number="307" hits="0"/><line number="308" hits="0"/><line number="311" hits="0"/><line number="314" hits="0"/><line number="315" hits="0"/><line number="316" hits="0"/><line number="317" hits="0"/><line number="321" hits="0"/><line number="322" hits="0"/><line number="323" hits="0"/><line number="324" hits="0"/><line number="328" hits="0"/><line number="329" hits="0"/><line number="330" hits="0"/><line number="331" hits="0"/><line number="332" hits="0"/><line number="333" hits="0"/><line number="336" hits="0"/><line number="338" hits="0"/><line number="339" hits="0"/><line number="340" hits="0"/><line number="341" hits="0"/><line number="344" hits="0"/><line number="346" hits="0"/><line number="347" hits="0"/><line number="348" hits="0"/><line number="350" hits="0"/><line number="352" hits="0"/><line number="353" hits="0"/><line number="354" hits="0"/><line number="357" hits="0"/><line number="358" hits="0"/><line number="359" hits="0"/><line number="360" hits="0"/><line number="363" hits="0"/><line number="366" hits="0"/><line number="369" hits="0"/><line number="372" hits="0"/><line number="374" hits="0"/><line number="375" hits="0"/><line number="379" hits="3"/><line number="380" hits="6"/><line number="381" hits="0"/><line number="383" hits="3"/><line number="384" hits="0"/><line number="385" hits="0"/><line number="386" hits="0"/><line number="389" hits="9"/><line number="390" hits="0"/><line number="392" hits="3"/><line number="393" hits="3"/><line number="395" hits="3"/><line number="397" hits="0"/><line number="398" hits="0"/><line number="399" hits="0"/><line number="400" hits="0"/><line number="401" hits="0"/><line number="404" hits="6"/><line number="405" hits="3"/><line number="406" hits="3"/><line number="407" hits="9"/><line number="408" hits="3"/><line number="412" hits="0"/><line number="414" hits="3"/><line number="415" hits="3"/><line number="416" hits="0"/><line number="417" hits="3"/><line number="418" hits="3"/><line number="419" hits="3"/><line number="420" hits="3"/><line number="421" hits="3"/><line number="422" hits="3"/><line number="423" hits="3"/><line number="424" hits="3"/><line number="429" hits="3"/><line number="430" hits="6"/><line number="431" hits="0"/><line number="432" hits="0"/><line number="435" hits="12"/><line number="436" hits="3"/><line number="437" hits="0"/><line number="439" hits="3"/><line number="440" hits="0"/><line number="441" hits="0"/><line number="444" hits="3"/><line number="445" hits="0"/><line number="446" hits="0"/><line number="449" hits="3"/><line number="450" hits="0"/><line number="452" hits="3"/><line number="453" hits="0"/><line number="455" hits="3"/><line number="456" hits="0"/><line number="458" hits="3"/><line number="459" hits="0"/><line number="461" hits="3"/><line number="462" hits="0"/><line number="464" hits="3"/><line number="473" hits="0"/><line number="474" hits="0"/><line number="475" hits="0"/><line number="476" hits="0"/><line number="477" hits="0"/><line number="482" hits="3"/><line number="486" hits="3"/></lines></class><class name="response" filename="libcoap/src/message/response.rs" line-rate="0.22377622377622378" branch-rate="0" complexity="0"><methods/><lines><line number="33" hits="0"/><line number="34" hits="0"/><line number="36" hits="0"/><line number="38" hits="0"/><line number="39" hits="0"/><line number="40" hits="0"/><line number="41" hits="0"/><line number="42" hits="0"/><line number="43" hits="0"/><line number="44" hits="0"/><line number="45" hits="0"/><line number="50" hits="0"/><line number="51" hits="0"/><line number="60" hits="0"/><line number="61" hits="0"/><line number="65" hits="0"/><line number="66" hits="0"/><line number="75" hits="0"/><line number="76" hits="0"/><line number="80" hits="0"/><line number="81" hits="0"/><line number="94" hits="0"/><line number="95" hits="0"/><line number="99" hits="0"/><line number="100" hits="0"/><line number="114" hits="0"/><line number="115" hits="0"/><line number="119" hits="0"/><line number="120" hits="0"/><line number="130" hits="0"/><line number="131" hits="0"/><line number="135" hits="0"/><line number="136" hits="0"/><line number="151" hits="0"/><line number="152" hits="0"/><line number="153" hits="0"/><line number="154" hits="0"/><line number="156" hits="0"/><line number="160" hits="3"/><line number="161" hits="3"/><line number="162" hits="0"/><line number="164" hits="3"/><line number="165" hits="0"/><line number="167" hits="3"/><line number="168" hits="0"/><line number="170" hits="3"/><line number="171" hits="0"/><line number="173" hits="3"/><line number="174" hits="0"/><line number="176" hits="3"/><line number="182" hits="3"/><line number="183" hits="3"/><line number="184" hits="3"/><line number="185" hits="3"/><line number="186" hits="3"/><line number="187" hits="3"/><line number="188" hits="3"/><line number="189" hits="3"/><line number="190" hits="3"/><line number="191" hits="6"/><line number="192" hits="0"/><line number="193" hits="0"/><line number="194" hits="0"/><line number="195" hits="0"/><line number="197" hits="0"/><line number="199" hits="0"/><line number="200" hits="0"/><line number="201" hits="0"/><line number="203" hits="0"/><line number="205" hits="0"/><line number="206" hits="0"/><line number="207" hits="0"/><line number="208" hits="0"/><line number="211" hits="0"/><line number="213" hits="0"/><line number="214" hits="0"/><line number="215" hits="0"/><line number="216" hits="0"/><line number="219" hits="0"/><line number="221" hits="0"/><line number="222" hits="0"/><line number="223" hits="0"/><line number="224" hits="0"/><line number="227" hits="0"/><line number="230" hits="0"/><line number="231" hits="0"/><line number="235" hits="0"/><line number="236" hits="0"/><line number="240" hits="0"/><line number="241" hits="0"/><line number="245" hits="0"/><line number="246" hits="0"/><line number="250" hits="0"/><line number="251" hits="0"/><line number="255" hits="0"/><line number="256" hits="0"/><line number="260" hits="0"/><line number="261" hits="0"/><line number="265" hits="0"/><line number="266" hits="0"/><line number="269" hits="0"/><line number="270" hits="0"/><line number="271" hits="0"/><line number="272" hits="0"/><line number="275" hits="0"/><line number="278" hits="0"/><line number="279" hits="0"/><line number="283" hits="0"/><line number="284" hits="0"/><line number="289" hits="0"/><line number="290" hits="0"/><line number="297" hits="0"/><line number="298" hits="0"/><line number="302" hits="0"/><line number="303" hits="0"/><line number="308" hits="0"/><line number="309" hits="0"/><line number="310" hits="0"/><line number="311" hits="0"/><line number="314" hits="0"/><line number="322" hits="0"/><line number="325" hits="9"/><line number="326" hits="0"/><line number="327" hits="0"/><line number="328" hits="0"/><line number="329" hits="0"/><line number="330" hits="0"/><line number="333" hits="3"/><line number="335" hits="3"/><line number="336" hits="3"/><line number="337" hits="3"/><line number="338" hits="3"/><line number="339" hits="3"/><line number="340" hits="3"/><line number="341" hits="3"/><line number="342" hits="3"/><line number="353" hits="3"/><line number="354" hits="3"/><line number="355" hits="3"/><line number="356" hits="0"/><line number="357" hits="0"/><line number="362" hits="3"/><line number="366" hits="3"/></lines></class></classes></package><package name="libcoap/tests" line-rate="0.6290322580645161" branch-rate="0" complexity="0"><classes></classes></package><package name="libcoap" line-rate="0.37987012987012986" branch-rate="0" complexity="0"><classes></classes></package><package name="libcoap-sys" line-rate="0.6451612903225806" branch-rate="0" complexity="0"><classes></classes></package><package name="libcoap/tests/common" line-rate="0.6290322580645161" branch-rate="0" complexity="0"><classes><class name="dtls" filename="libcoap/tests/common/dtls.rs" line-rate="0" branch-rate="0" complexity="0"><methods/><lines><line number="19" hits="0"/><line number="20" hits="0"/><line number="21" hits="0"/><line number="22" hits="0"/><line number="23" hits="0"/><line number="24" hits="0"/><line number="25" hits="0"/><line number="28" hits="0"/><line number="29" hits="0"/><line number="31" hits="0"/><line number="32" hits="0"/><line number="33" hits="0"/><line number="34" hits="0"/><line number="35" hits="0"/><line number="36" hits="0"/><line number="37" hits="0"/><line number="38" hits="0"/><line number="39" hits="0"/></lines></class><class name="mod" filename="libcoap/tests/common/mod.rs" line-rate="0.8863636363636364" branch-rate="0" complexity="0"><methods/><lines><line number="25" hits="3"/><line number="36" hits="6"/><line number="47" hits="3"/><line number="50" hits="6"/><line number="51" hits="6"/><line number="53" hits="6"/><line number="54" hits="6"/><line number="55" hits="6"/><line number="56" hits="3"/><line number="57" hits="6"/><line number="58" hits="6"/><line number="59" hits="3"/><line number="60" hits="3"/><line number="64" hits="6"/><line number="66" hits="3"/><line number="67" hits="6"/><line number="68" hits="3"/><line number="70" hits="0"/><line number="72" hits="3"/><line number="76" hits="3"/><line number="77" hits="6"/><line number="78" hits="6"/><line number="79" hits="3"/><line number="80" hits="6"/><line number="81" hits="3"/><line number="82" hits="3"/><line number="83" hits="6"/><line number="84" hits="3"/><line number="85" hits="6"/><line number="86" hits="3"/><line number="87" hits="3"/><line number="88" hits="3"/><line number="89" hits="3"/><line number="94" hits="3"/><line number="95" hits="0"/><line number="96" hits="4"/><line number="97" hits="0"/><line number="98" hits="0"/><line number="100" hits="3"/><line number="101" hits="0"/><line number="104" hits="3"/><line number="107" hits="3"/><line number="108" hits="3"/><line number="110" hits="3"/></lines></class></classes></package><package name="libcoap/src/crypto/psk" line-rate="0.3155080213903743" branch-rate="0" complexity="0"><classes><class name="client" filename="libcoap/src/crypto/psk/client.rs" line-rate="0.3064516129032258" branch-rate="0" complexity="0"><methods/><lines><line number="22" hits="1"/><line number="24" hits="2"/><line number="44" hits="0"/><line number="45" hits="0"/><line number="46" hits="0"/><line number="47" hits="0"/><line number="50" hits="1"/><line number="51" hits="1"/><line number="53" hits="1"/><line number="54" hits="2"/><line number="55" hits="0"/><line number="63" hits="1"/><line number="64" hits="1"/><line number="70" hits="0"/><line number="71" hits="0"/><line number="72" hits="0"/><line number="76" hits="0"/><line number="77" hits="0"/><line number="78" hits="0"/><line number="81" hits="0"/><line number="86" hits="0"/><line number="89" hits="0"/><line number="90" hits="0"/><line number="91" hits="0"/><line number="111" hits="0"/><line number="116" hits="0"/><line number="117" hits="0"/><line number="121" hits="0"/><line number="123" hits="0"/><line number="124" hits="0"/><line number="125" hits="0"/><line number="128" hits="0"/><line number="129" hits="0"/><line number="131" hits="0"/><line number="136" hits="1"/><line number="145" hits="1"/><line number="146" hits="1"/><line number="147" hits="1"/><line number="148" hits="1"/><line number="150" hits="1"/><line number="152" hits="1"/><line number="171" hits="0"/><line number="172" hits="0"/><line number="173" hits="0"/><line number="174" hits="0"/><line number="177" hits="0"/><line number="199" hits="1"/><line number="200" hits="2"/><line number="203" hits="0"/><line number="206" hits="2"/><line number="210" hits="0"/><line number="216" hits="2"/><line number="229" hits="0"/><line number="230" hits="0"/><line number="231" hits="0"/><line number="232" hits="0"/><line number="234" hits="0"/><line number="239" hits="0"/><line number="244" hits="0"/><line number="245" hits="0"/><line number="246" hits="0"/><line number="248" hits="0"/></lines></class><class name="key" filename="libcoap/src/crypto/psk/key.rs" line-rate="0.5681818181818182" branch-rate="0" complexity="0"><methods/><lines><line number="18" hits="1"/><line number="20" hits="4"/><line number="21" hits="2"/><line number="22" hits="1"/><line number="29" hits="0"/><line number="30" hits="0"/><line number="33" hits="0"/><line number="34" hits="0"/><line number="48" hits="1"/><line number="49" hits="1"/><line number="62" hits="1"/><line number="65" hits="1"/><line number="79" hits="1"/><line number="80" hits="1"/><line number="93" hits="1"/><line number="96" hits="1"/><line number="99" hits="1"/><line number="100" hits="2"/><line number="102" hits="1"/><line number="103" hits="1"/><line number="104" hits="1"/><line number="111" hits="1"/><line number="112" hits="1"/><line number="114" hits="1"/><line number="117" hits="1"/><line number="123" hits="1"/><line number="124" hits="2"/><line number="127" hits="2"/><line number="128" hits="1"/><line number="133" hits="0"/><line number="136" hits="0"/><line number="137" hits="0"/><line number="143" hits="0"/><line number="146" hits="0"/><line number="147" hits="0"/><line number="153" hits="0"/><line number="156" hits="0"/><line number="157" hits="0"/><line number="163" hits="0"/><line number="165" hits="0"/><line number="166" hits="0"/><line number="167" hits="0"/><line number="173" hits="0"/><line number="174" hits="0"/></lines></class><class name="server" filename="libcoap/src/crypto/psk/server.rs" line-rate="0.18518518518518517" branch-rate="0" complexity="0"><methods/><lines><line number="23" hits="1"/><line number="25" hits="2"/><line number="44" hits="0"/><line number="45" hits="0"/><line number="46" hits="0"/><line number="47" hits="0"/><line number="50" hits="0"/><line number="51" hits="0"/><line number="52" hits="0"/><line number="53" hits="0"/><line number="56" hits="1"/><line number="57" hits="1"/><line number="59" hits="1"/><line number="60" hits="2"/><line number="61" hits="0"/><line number="63" hits="2"/><line number="64" hits="0"/><line number="74" hits="0"/><line number="75" hits="0"/><line number="76" hits="0"/><line number="97" hits="1"/><line number="98" hits="2"/><line number="101" hits="0"/><line number="104" hits="2"/><line number="108" hits="0"/><line number="111" hits="2"/><line number="115" hits="0"/><line number="121" hits="2"/><line number="142" hits="0"/><line number="143" hits="0"/><line number="144" hits="0"/><line number="148" hits="0"/><line number="150" hits="0"/><line number="151" hits="0"/><line number="152" hits="0"/><line number="155" hits="0"/><line number="157" hits="0"/><line number="159" hits="0"/><line number="174" hits="0"/><line number="175" hits="0"/><line number="176" hits="0"/><line number="178" hits="0"/><line number="179" hits="0"/><line number="180" hits="0"/><line number="181" hits="0"/><line number="183" hits="0"/><line number="185" hits="0"/><line number="191" hits="1"/><line number="192" hits="1"/><line number="197" hits="1"/><line number="212" hits="0"/><line number="213" hits="0"/><line number="214" hits="0"/><line number="215" hits="0"/><line number="218" hits="0"/><line number="233" hits="0"/><line number="234" hits="0"/><line number="235" hits="0"/><line number="236" hits="0"/><line number="237" hits="0"/><line number="247" hits="0"/><line number="248" hits="0"/><line number="249" hits="0"/><line number="254" hits="0"/><line number="255" hits="0"/><line number="256" hits="0"/><line number="257" hits="0"/><line number="262" hits="0"/><line number="263" hits="0"/><line number="268" hits="0"/><line number="269" hits="0"/><line number="273" hits="0"/><line number="278" hits="0"/><line number="285" hits="0"/><line number="286" hits="0"/><line number="287" hits="0"/><line number="290" hits="0"/><line number="295" hits="0"/><line number="302" hits="0"/><line number="303" hits="0"/><line number="304" hits="0"/></lines></class></classes></package><package name="libcoap/src/session" line-rate="0.5539568345323741" branch-rate="0" complexity="0"><classes><class name="client" filename="libcoap/src/session/client.rs" line-rate="0.7236842105263158" branch-rate="0" complexity="0"><methods/><lines><line number="48" hits="2"/><line number="51" hits="2"/><line number="52" hits="2"/><line number="53" hits="2"/><line number="55" hits="2"/><line number="56" hits="2"/><line number="57" hits="0"/><line number="58" hits="2"/><line number="63" hits="4"/><line number="65" hits="2"/><line number="75" hits="1"/><line number="79" hits="2"/><line number="80" hits="1"/><line number="81" hits="1"/><line number="86" hits="2"/><line number="88" hits="1"/><line number="105" hits="1"/><line number="110" hits="1"/><line number="116" hits="0"/><line number="118" hits="1"/><line number="119" hits="3"/><line number="122" hits="0"/><line number="123" hits="0"/><line number="126" hits="0"/><line number="127" hits="0"/><line number="133" hits="1"/><line number="134" hits="1"/><line number="143" hits="1"/><line number="150" hits="1"/><line number="151" hits="0"/><line number="152" hits="1"/><line number="153" hits="1"/><line number="156" hits="1"/><line number="157" hits="0"/><line number="160" hits="1"/><line number="161" hits="1"/><line number="170" hits="1"/><line number="177" hits="1"/><line number="178" hits="0"/><line number="179" hits="1"/><line number="180" hits="1"/><line number="183" hits="1"/><line number="184" hits="0"/><line number="187" hits="1"/><line number="188" hits="1"/><line number="208" hits="3"/><line number="209" hits="3"/><line number="210" hits="3"/><line number="211" hits="3"/><line number="212" hits="0"/><line number="213" hits="0"/><line number="214" hits="3"/><line number="215" hits="3"/><line number="216" hits="3"/><line number="219" hits="0"/><line number="220" hits="0"/><line number="228" hits="0"/><line number="229" hits="0"/><line number="234" hits="3"/><line number="241" hits="3"/><line number="242" hits="3"/><line number="245" hits="3"/><line number="255" hits="3"/><line number="256" hits="3"/><line number="257" hits="3"/><line number="259" hits="3"/><line number="261" hits="3"/><line number="267" hits="3"/><line number="268" hits="9"/><line number="270" hits="3"/><line number="271" hits="9"/><line number="276" hits="0"/><line number="278" hits="0"/><line number="279" hits="0"/><line number="280" hits="0"/><line number="281" hits="0"/></lines></class><class name="mod" filename="libcoap/src/session/mod.rs" line-rate="0.4090909090909091" branch-rate="0" complexity="0"><methods/><lines><line number="63" hits="0"/><line number="64" hits="0"/><line number="65" hits="0"/><line number="66" hits="0"/><line number="67" hits="0"/><line number="68" hits="0"/><line number="69" hits="0"/><line number="93" hits="3"/><line number="94" hits="6"/><line number="95" hits="3"/><line number="96" hits="6"/><line number="97" hits="9"/><line number="98" hits="0"/><line number="99" hits="0"/><line number="101" hits="6"/><line number="113" hits="0"/><line number="114" hits="0"/><line number="115" hits="0"/><line number="117" hits="0"/><line number="122" hits="0"/><line number="123" hits="0"/><line number="124" hits="0"/><line number="125" hits="0"/><line number="129" hits="0"/><line number="130" hits="0"/><line number="131" hits="0"/><line number="138" hits="0"/><line number="140" hits="0"/><line number="141" hits="0"/><line number="145" hits="0"/><line number="149" hits="0"/><line number="150" hits="0"/><line number="151" hits="0"/><line number="152" hits="0"/><line number="162" hits="0"/><line number="164" hits="0"/><line number="165" hits="0"/><line number="169" hits="0"/><line number="173" hits="0"/><line number="174" hits="0"/><line number="175" hits="0"/><line number="176" hits="0"/><line number="183" hits="0"/><line number="184" hits="0"/><line number="187" hits="0"/><line number="188" hits="0"/><line number="189" hits="0"/><line number="198" hits="0"/><line number="199" hits="0"/><line number="202" hits="0"/><line number="203" hits="0"/><line number="204" hits="0"/><line number="213" hits="0"/><line number="215" hits="0"/><line number="219" hits="0"/><line number="221" hits="0"/><line number="225" hits="0"/><line number="227" hits="0"/><line number="231" hits="3"/><line number="233" hits="6"/><line number="238" hits="0"/><line number="241" hits="0"/><line number="243" hits="0"/><line number="249" hits="0"/><line number="252" hits="0"/><line number="254" hits="0"/><line number="260" hits="0"/><line number="263" hits="0"/><line number="265" hits="0"/><line number="270" hits="0"/><line number="272" hits="0"/><line number="279" hits="0"/><line number="281" hits="0"/><line number="285" hits="6"/><line number="287" hits="12"/><line number="291" hits="0"/><line number="293" hits="0"/><line number="297" hits="3"/><line number="299" hits="6"/><line number="303" hits="0"/><line number="304" hits="0"/><line number="306" hits="0"/><line number="307" hits="0"/><line number="311" hits="0"/><line number="313" hits="0"/><line number="320" hits="6"/><line number="321" hits="6"/><line number="324" hits="6"/><line number="325" hits="6"/><line number="334" hits="3"/><line number="335" hits="6"/><line number="336" hits="3"/><line number="337" hits="3"/><line number="340" hits="6"/><line number="342" hits="3"/><line number="344" hits="6"/><line number="345" hits="6"/><line number="346" hits="3"/><line number="348" hits="9"/><line number="349" hits="0"/><line number="350" hits="3"/><line number="351" hits="9"/><line number="362" hits="3"/><line number="363" hits="9"/><line number="364" hits="0"/><line number="365" hits="6"/><line number="371" hits="3"/><line number="372" hits="6"/><line number="379" hits="0"/><line number="380" hits="0"/><line number="388" hits="0"/><line number="389" hits="0"/><line number="397" hits="0"/><line number="398" hits="0"/><line number="417" hits="3"/><line number="418" hits="3"/><line number="419" hits="3"/><line number="421" hits="0"/><line number="425" hits="3"/><line number="426" hits="3"/><line number="427" hits="3"/><line number="429" hits="0"/><line number="449" hits="3"/><line number="450" hits="3"/><line number="451" hits="3"/><line number="452" hits="3"/><line number="453" hits="0"/><line number="455" hits="3"/><line number="457" hits="0"/><line number="458" hits="2"/><line number="466" hits="3"/><line number="467" hits="3"/><line number="472" hits="3"/><line number="473" hits="3"/><line number="478" hits="0"/><line number="479" hits="0"/><line number="480" hits="0"/><line number="482" hits="0"/><line number="517" hits="3"/><line number="521" hits="3"/><line number="522" hits="3"/><line number="538" hits="3"/><line number="541" hits="3"/><line number="548" hits="3"/><line number="554" hits="3"/><line number="555" hits="3"/><line number="557" hits="3"/><line number="558" hits="3"/><line number="559" hits="3"/><line number="560" hits="0"/><line number="562" hits="6"/><line number="563" hits="3"/><line number="564" hits="3"/><line number="566" hits="0"/></lines></class><class name="server" filename="libcoap/src/session/server.rs" line-rate="0.75" branch-rate="0" complexity="0"><methods/><lines><line number="23" hits="3"/><line number="24" hits="6"/><line number="25" hits="3"/><line number="26" hits="3"/><line number="66" hits="3"/><line number="67" hits="3"/><line number="68" hits="3"/><line number="69" hits="3"/><line number="70" hits="3"/><line number="71" hits="0"/><line number="72" hits="0"/><line number="73" hits="0"/><line number="79" hits="3"/><line number="80" hits="6"/><line number="83" hits="3"/><line number="105" hits="3"/><line number="106" hits="3"/><line number="107" hits="3"/><line number="108" hits="3"/><line number="109" hits="3"/><line number="136" hits="3"/><line number="137" hits="3"/><line number="138" hits="3"/><line number="139" hits="3"/><line number="140" hits="0"/><line number="141" hits="0"/><line number="142" hits="3"/><line number="143" hits="3"/><line number="145" hits="3"/><line number="149" hits="0"/><line number="150" hits="0"/><line number="158" hits="3"/><line number="159" hits="3"/><line number="162" hits="3"/><line number="165" hits="3"/><line number="172" hits="3"/><line number="173" hits="9"/><line number="175" hits="3"/><line number="176" hits="9"/><line number="181" hits="0"/><line number="183" hits="0"/><line number="184" hits="0"/><line number="185" hits="0"/><line number="186" hits="0"/><line number="193" hits="3"/><line number="195" hits="3"/><line number="196" hits="3"/><line number="197" hits="3"/></lines></class></classes></package><package name="libcoap/src" line-rate="0.37249283667621774" branch-rate="0" complexity="0"><classes><class name="context" filename="libcoap/src/context.rs" line-rate="0.43529411764705883" branch-rate="0" complexity="0"><methods/><lines><line number="46" hits="0"/><line number="47" hits="20"/><line number="84" hits="3"/><line number="85" hits="0"/><line number="88" hits="3"/><line number="89" hits="3"/><line number="90" hits="0"/><line number="95" hits="0"/><line number="100" hits="3"/><line number="101" hits="0"/><line number="102" hits="0"/><line number="104" hits="3"/><line number="106" hits="3"/><line number="107" hits="0"/><line number="108" hits="3"/><line number="109" hits="3"/><line number="110" hits="3"/><line number="111" hits="3"/><line number="112" hits="0"/><line number="113" hits="3"/><line number="114" hits="0"/><line number="115" hits="0"/><line number="122" hits="6"/><line number="123" hits="3"/><line number="126" hits="3"/><line number="134" hits="3"/><line number="135" hits="3"/><line number="137" hits="3"/><line number="144" hits="3"/><line number="145" hits="9"/><line number="147" hits="3"/><line number="148" hits="0"/><line number="149" hits="0"/><line number="150" hits="0"/><line number="151" hits="0"/><line number="152" hits="0"/><line number="153" hits="0"/><line number="154" hits="0"/><line number="155" hits="0"/><line number="156" hits="0"/><line number="157" hits="0"/><line number="158" hits="0"/><line number="159" hits="0"/><line number="160" hits="0"/><line number="161" hits="0"/><line number="162" hits="0"/><line number="164" hits="0"/><line number="167" hits="0"/><line number="168" hits="0"/><line number="169" hits="0"/><line number="171" hits="0"/><line number="174" hits="0"/><line number="175" hits="0"/><line number="176" hits="0"/><line number="177" hits="0"/><line number="178" hits="0"/><line number="180" hits="0"/><line number="181" hits="0"/><line number="182" hits="0"/><line number="184" hits="0"/><line number="185" hits="0"/><line number="186" hits="0"/><line number="187" hits="0"/><line number="188" hits="0"/><line number="189" hits="0"/><line number="190" hits="0"/><line number="191" hits="0"/><line number="197" hits="9"/><line number="198" hits="3"/><line number="199" hits="6"/><line number="200" hits="0"/><line number="201" hits="0"/><line number="202" hits="0"/><line number="203" hits="0"/><line number="206" hits="0"/><line number="208" hits="0"/><line number="215" hits="1"/><line number="217" hits="1"/><line number="221" hits="2"/><line number="222" hits="0"/><line number="224" hits="1"/><line number="226" hits="2"/><line number="227" hits="0"/><line number="230" hits="1"/><line number="239" hits="0"/><line number="243" hits="0"/><line number="244" hits="0"/><line number="246" hits="0"/><line number="248" hits="0"/><line number="249" hits="0"/><line number="252" hits="0"/><line number="262" hits="3"/><line number="263" hits="3"/><line number="266" hits="6"/><line number="267" hits="3"/><line number="268" hits="0"/><line number="270" hits="3"/><line number="274" hits="3"/><line number="275" hits="3"/><line number="277" hits="3"/><line number="278" hits="6"/><line number="279" hits="3"/><line number="283" hits="1"/><line number="284" hits="1"/><line number="289" hits="1"/><line number="290" hits="1"/><line number="298" hits="1"/><line number="299" hits="1"/><line number="304" hits="0"/><line number="310" hits="3"/><line number="311" hits="3"/><line number="312" hits="9"/><line number="317" hits="3"/><line number="318" hits="6"/><line number="328" hits="3"/><line number="329" hits="3"/><line number="331" hits="6"/><line number="332" hits="6"/><line number="333" hits="6"/><line number="334" hits="0"/><line number="336" hits="3"/><line number="339" hits="0"/><line number="341" hits="3"/><line number="344" hits="3"/><line number="349" hits="3"/><line number="352" hits="3"/><line number="354" hits="3"/><line number="355" hits="0"/><line number="358" hits="6"/><line number="363" hits="0"/><line number="366" hits="0"/><line number="367" hits="0"/><line number="376" hits="0"/><line number="381" hits="0"/><line number="382" hits="0"/><line number="394" hits="0"/><line number="397" hits="0"/><line number="405" hits="0"/><line number="408" hits="0"/><line number="414" hits="0"/><line number="417" hits="0"/><line number="423" hits="0"/><line number="426" hits="0"/><line number="433" hits="0"/><line number="436" hits="0"/><line number="443" hits="0"/><line number="446" hits="0"/><line number="453" hits="0"/><line number="456" hits="0"/><line number="457" hits="0"/><line number="467" hits="0"/><line number="472" hits="0"/><line number="473" hits="0"/><line number="489" hits="0"/><line number="494" hits="0"/><line number="495" hits="0"/><line number="496" hits="0"/><line number="519" hits="0"/><line number="524" hits="0"/><line number="540" hits="3"/><line number="545" hits="6"/><line number="552" hits="3"/><line number="562" hits="3"/><line number="564" hits="12"/><line number="565" hits="6"/><line number="568" hits="3"/><line number="572" hits="3"/><line number="573" hits="3"/><line number="580" hits="3"/><line number="587" hits="3"/></lines></class><class name="error" filename="libcoap/src/error.rs" line-rate="0" branch-rate="0" complexity="0"><methods/><lines><line number="87" hits="0"/><line number="88" hits="0"/><line number="165" hits="0"/><line number="166" hits="0"/></lines></class><class name="event" filename="libcoap/src/event.rs" line-rate="1" branch-rate="0" complexity="0"><methods/><lines><line number="171" hits="3"/><line number="172" hits="3"/><line number="174" hits="6"/><line number="175" hits="4"/><line number="176" hits="1"/><line number="178" hits="6"/><line number="180" hits="4"/><line number="184" hits="6"/><line number="185" hits="3"/></lines></class><class name="mem" filename="libcoap/src/mem.rs" line-rate="0.5932203389830508" branch-rate="0" complexity="0"><methods/><lines><line number="41" hits="9"/><line number="42" hits="9"/><line number="61" hits="6"/><line number="62" hits="6"/><line number="63" hits="12"/><line number="65" hits="6"/><line number="66" hits="6"/><line number="89" hits="3"/><line number="90" hits="3"/><line number="91" hits="6"/><line number="92" hits="6"/><line number="93" hits="3"/><line number="117" hits="9"/><line number="118" hits="9"/><line number="145" hits="0"/><line number="146" hits="0"/><line number="158" hits="0"/><line number="159" hits="0"/><line number="171" hits="9"/><line number="172" hits="9"/><line number="179" hits="6"/><line number="180" hits="6"/><line number="187" hits="9"/><line number="188" hits="9"/><line number="193" hits="0"/><line number="194" hits="0"/><line number="201" hits="3"/><line number="202" hits="3"/><line number="207" hits="0"/><line number="208" hits="0"/><line number="213" hits="6"/><line number="215" hits="6"/><line number="230" hits="3"/><line number="231" hits="3"/><line number="244" hits="3"/><line number="245" hits="12"/><line number="252" hits="6"/><line number="254" hits="3"/><line number="268" hits="0"/><line number="269" hits="0"/><line number="277" hits="0"/><line number="279" hits="0"/><line number="293" hits="0"/><line number="294" hits="0"/><line number="305" hits="3"/><line number="306" hits="6"/><line number="316" hits="0"/><line number="317" hits="0"/><line number="318" hits="0"/><line number="319" hits="0"/><line number="320" hits="0"/><line number="331" hits="3"/><line number="332" hits="3"/><line number="333" hits="6"/><line number="336" hits="3"/><line number="337" hits="3"/><line number="350" hits="0"/><line number="351" hits="0"/><line number="362" hits="3"/><line number="363" hits="3"/><line number="364" hits="0"/><line number="365" hits="0"/><line number="366" hits="0"/><line number="368" hits="3"/><line number="372" hits="3"/><line number="373" hits="3"/><line number="378" hits="0"/><line number="379" hits="0"/><line number="388" hits="0"/><line number="389" hits="0"/><line number="396" hits="3"/><line number="397" hits="9"/><line number="399" hits="6"/><line number="400" hits="6"/><line number="411" hits="3"/><line number="412" hits="3"/><line number="430" hits="3"/><line number="431" hits="3"/><line number="434" hits="3"/><line number="438" hits="3"/><line number="439" hits="3"/><line number="444" hits="3"/><line number="445" hits="3"/><line number="446" hits="3"/><line number="447" hits="3"/><line number="448" hits="3"/><line number="449" hits="0"/><line number="450" hits="0"/><line number="467" hits="0"/><line number="468" hits="0"/><line number="469" hits="0"/><line number="470" hits="0"/><line number="476" hits="0"/><line number="477" hits="0"/><line number="478" hits="0"/><line number="479" hits="0"/><line number="480" hits="0"/><line number="481" hits="0"/><line number="483" hits="0"/><line number="484" hits="0"/><line number="485" hits="0"/><line number="501" hits="3"/><line number="502" hits="6"/><line number="503" hits="3"/><line number="504" hits="0"/><line number="510" hits="3"/><line number="511" hits="6"/><line number="512" hits="3"/><line number="513" hits="3"/><line number="519" hits="3"/><line number="520" hits="3"/><line number="521" hits="3"/><line number="522" hits="4"/><line number="523" hits="0"/><line number="524" hits="0"/><line number="526" hits="2"/><line number="527" hits="0"/><line number="528" hits="0"/></lines></class><class name="prng" filename="libcoap/src/prng.rs" line-rate="0.2222222222222222" branch-rate="0" complexity="0"><methods/><lines><line number="61" hits="2"/><line number="63" hits="2"/><line number="65" hits="2"/><line number="66" hits="2"/><line number="67" hits="0"/><line number="109" hits="0"/><line number="110" hits="0"/><line number="111" hits="0"/><line number="113" hits="0"/><line number="115" hits="0"/><line number="116" hits="0"/><line number="170" hits="0"/><line number="171" hits="0"/><line number="172" hits="0"/><line number="173" hits="0"/><line number="176" hits="0"/><line number="178" hits="0"/><line number="179" hits="0"/></lines></class><class name="protocol" filename="libcoap/src/protocol.rs" line-rate="0.26666666666666666" branch-rate="0" complexity="0"><methods/><lines><line number="145" hits="0"/><line number="146" hits="0"/><line number="150" hits="3"/><line number="151" hits="3"/><line number="152" hits="0"/><line number="153" hits="0"/><line number="154" hits="0"/><line number="155" hits="0"/><line number="156" hits="0"/><line number="157" hits="0"/><line number="158" hits="3"/><line number="159" hits="0"/><line number="160" hits="0"/><line number="161" hits="0"/><line number="162" hits="0"/><line number="163" hits="0"/><line number="164" hits="0"/><line number="165" hits="0"/><line number="166" hits="0"/><line number="167" hits="0"/><line number="168" hits="0"/><line number="169" hits="0"/><line number="170" hits="0"/><line number="171" hits="0"/><line number="172" hits="0"/><line number="173" hits="0"/><line number="174" hits="0"/><line number="175" hits="3"/><line number="176" hits="0"/><line number="177" hits="0"/><line number="182" hits="3"/><line number="183" hits="3"/><line number="184" hits="0"/><line number="185" hits="0"/><line number="186" hits="0"/><line number="187" hits="0"/><line number="188" hits="0"/><line number="189" hits="0"/><line number="190" hits="3"/><line number="191" hits="0"/><line number="192" hits="0"/><line number="193" hits="0"/><line number="194" hits="0"/><line number="195" hits="0"/><line number="196" hits="0"/><line number="197" hits="0"/><line number="198" hits="0"/><line number="199" hits="0"/><line number="200" hits="0"/><line number="201" hits="0"/><line number="202" hits="0"/><line number="203" hits="0"/><line number="204" hits="0"/><line number="205" hits="0"/><line number="206" hits="0"/><line number="207" hits="3"/><line number="208" hits="0"/><line number="209" hits="0"/><line number="217" hits="3"/><line number="218" hits="3"/><line number="266" hits="0"/><line number="267" hits="0"/><line number="287" hits="3"/><line number="288" hits="3"/><line number="289" hits="0"/><line number="290" hits="3"/><line number="291" hits="3"/><line number="297" hits="3"/><line number="298" hits="3"/><line number="303" hits="0"/><line number="304" hits="0"/><line number="311" hits="3"/><line number="312" hits="3"/><line number="313" hits="3"/><line number="314" hits="3"/><line number="316" hits="6"/><line number="344" hits="3"/><line number="345" hits="3"/><line number="346" hits="3"/><line number="347" hits="0"/><line number="348" hits="0"/><line number="349" hits="0"/><line number="350" hits="0"/><line number="351" hits="0"/><line number="352" hits="0"/><line number="358" hits="3"/><line number="359" hits="3"/><line number="360" hits="3"/><line number="361" hits="0"/><line number="362" hits="0"/><line number="363" hits="0"/><line number="364" hits="0"/><line number="365" hits="0"/><line number="366" hits="0"/><line number="372" hits="0"/><line number="373" hits="0"/><line number="374" hits="0"/><line number="375" hits="0"/><line number="376" hits="0"/><line number="377" hits="0"/><line number="378" hits="0"/><line number="379" hits="0"/><line number="380" hits="0"/><line number="389" hits="3"/><line number="390" hits="3"/><line number="434" hits="3"/><line number="435" hits="3"/><line number="436" hits="3"/><line number="437" hits="0"/><line number="438" hits="0"/><line number="439" hits="0"/><line number="440" hits="0"/><line number="441" hits="0"/><line number="442" hits="0"/><line number="443" hits="0"/><line number="444" hits="0"/><line number="445" hits="0"/><line number="446" hits="0"/><line number="447" hits="0"/><line number="448" hits="0"/><line number="449" hits="0"/><line number="450" hits="0"/><line number="451" hits="0"/><line number="452" hits="0"/><line number="453" hits="0"/><line number="454" hits="0"/><line number="455" hits="0"/><line number="456" hits="0"/><line number="457" hits="0"/><line number="458" hits="0"/><line number="459" hits="0"/><line number="460" hits="0"/><line number="462" hits="0"/><line number="464" hits="0"/><line number="470" hits="0"/><line number="472" hits="0"/><line number="473" hits="0"/><line number="474" hits="0"/><line number="476" hits="0"/><line number="482" hits="0"/><line number="489" hits="3"/><line number="490" hits="3"/><line number="512" hits="3"/><line number="513" hits="3"/><line number="514" hits="3"/><line number="515" hits="0"/><line number="516" hits="2"/><line number="517" hits="0"/><line number="523" hits="3"/><line number="524" hits="3"/></lines></class><class name="resource" filename="libcoap/src/resource.rs" line-rate="0.5035971223021583" branch-rate="0" complexity="0"><methods/><lines><line number="53" hits="3"/><line number="60" hits="3"/><line number="61" hits="3"/><line number="62" hits="3"/><line number="63" hits="3"/><line number="66" hits="3"/><line number="82" hits="3"/><line number="89" hits="3"/><line number="90" hits="3"/><line number="91" hits="6"/><line number="92" hits="12"/><line number="93" hits="6"/><line number="94" hits="3"/><line number="95" hits="3"/><line number="96" hits="0"/><line number="97" hits="0"/><line number="98" hits="0"/><line number="155" hits="3"/><line number="170" hits="3"/><line number="171" hits="3"/><line number="172" hits="3"/><line number="173" hits="0"/><line number="174" hits="0"/><line number="175" hits="0"/><line number="176" hits="0"/><line number="177" hits="0"/><line number="178" hits="0"/><line number="185" hits="0"/><line number="186" hits="0"/><line number="187" hits="0"/><line number="188" hits="0"/><line number="189" hits="0"/><line number="190" hits="0"/><line number="191" hits="0"/><line number="192" hits="0"/><line number="193" hits="0"/><line number="200" hits="0"/><line number="201" hits="0"/><line number="202" hits="0"/><line number="203" hits="0"/><line number="204" hits="0"/><line number="205" hits="0"/><line number="206" hits="0"/><line number="207" hits="0"/><line number="208" hits="0"/><line number="213" hits="3"/><line number="214" hits="6"/><line number="215" hits="3"/><line number="216" hits="0"/><line number="217" hits="0"/><line number="218" hits="0"/><line number="219" hits="0"/><line number="220" hits="0"/><line number="221" hits="0"/><line number="243" hits="3"/><line number="244" hits="3"/><line number="246" hits="3"/><line number="248" hits="0"/><line number="249" hits="3"/><line number="250" hits="6"/><line number="251" hits="0"/><line number="253" hits="3"/><line number="254" hits="0"/><line number="256" hits="3"/><line number="257" hits="0"/><line number="258" hits="3"/><line number="259" hits="3"/><line number="261" hits="6"/><line number="262" hits="3"/><line number="264" hits="3"/><line number="268" hits="0"/><line number="270" hits="0"/><line number="275" hits="0"/><line number="277" hits="0"/><line number="282" hits="0"/><line number="284" hits="0"/><line number="288" hits="0"/><line number="289" hits="0"/><line number="293" hits="3"/><line number="294" hits="9"/><line number="302" hits="0"/><line number="303" hits="0"/><line number="304" hits="0"/><line number="308" hits="3"/><line number="309" hits="6"/><line number="310" hits="12"/><line number="313" hits="3"/><line number="314" hits="3"/><line number="315" hits="9"/><line number="320" hits="3"/><line number="326" hits="6"/><line number="327" hits="6"/><line number="328" hits="3"/><line number="329" hits="0"/><line number="330" hits="0"/><line number="332" hits="0"/><line number="333" hits="0"/><line number="339" hits="6"/><line number="340" hits="0"/><line number="341" hits="0"/><line number="344" hits="3"/><line number="350" hits="0"/><line number="351" hits="0"/><line number="352" hits="0"/><line number="353" hits="3"/><line number="357" hits="9"/><line number="358" hits="0"/><line number="359" hits="0"/><line number="360" hits="0"/><line number="361" hits="6"/><line number="366" hits="0"/><line number="368" hits="0"/><line number="369" hits="0"/><line number="373" hits="0"/><line number="374" hits="0"/><line number="377" hits="3"/><line number="378" hits="3"/><line number="381" hits="3"/><line number="382" hits="6"/><line number="388" hits="3"/><line number="394" hits="3"/><line number="396" hits="3"/><line number="397" hits="3"/><line number="401" hits="3"/><line number="452" hits="3"/><line number="455" hits="6"/><line number="456" hits="9"/><line number="466" hits="3"/><line number="471" hits="3"/><line number="472" hits="6"/><line number="473" hits="3"/><line number="487" hits="3"/><line number="496" hits="0"/><line number="497" hits="3"/><line number="498" hits="0"/><line number="508" hits="0"/><line number="509" hits="0"/><line number="513" hits="3"/><line number="519" hits="3"/></lines></class><class name="transport" filename="libcoap/src/transport.rs" line-rate="0.7" branch-rate="0" complexity="0"><methods/><lines><line number="28" hits="0"/><line number="33" hits="0"/><line number="38" hits="3"/><line number="47" hits="3"/><line number="48" hits="3"/><line number="53" hits="6"/><line number="54" hits="0"/><line number="56" hits="3"/><line number="62" hits="3"/><line number="64" hits="3"/></lines></class><class name="types" filename="libcoap/src/types.rs" line-rate="0.30042918454935624" branch-rate="0" complexity="0"><methods/><lines><line number="60" hits="3"/><line number="76" hits="0"/><line number="83" hits="0"/><line number="84" hits="0"/><line number="91" hits="0"/><line number="95" hits="0"/><line number="99" hits="0"/><line number="101" hits="0"/><line number="102" hits="0"/><line number="109" hits="0"/><line number="111" hits="0"/><line number="112" hits="0"/><line number="113" hits="0"/><line number="114" hits="0"/><line number="119" hits="0"/><line number="121" hits="0"/><line number="126" hits="3"/><line number="127" hits="3"/><line number="128" hits="0"/><line number="134" hits="0"/><line number="138" hits="0"/><line number="151" hits="0"/><line number="152" hits="0"/><line number="153" hits="0"/><line number="155" hits="0"/><line number="157" hits="0"/><line number="160" hits="3"/><line number="166" hits="3"/><line number="170" hits="3"/><line number="183" hits="3"/><line number="184" hits="3"/><line number="185" hits="3"/><line number="187" hits="3"/><line number="188" hits="3"/><line number="191" hits="3"/><line number="200" hits="0"/><line number="201" hits="0"/><line number="207" hits="0"/><line number="208" hits="0"/><line number="211" hits="0"/><line number="231" hits="0"/><line number="232" hits="0"/><line number="235" hits="0"/><line number="236" hits="0"/><line number="243" hits="0"/><line number="245" hits="0"/><line number="246" hits="0"/><line number="247" hits="0"/><line number="248" hits="0"/><line number="249" hits="0"/><line number="250" hits="0"/><line number="251" hits="0"/><line number="252" hits="0"/><line number="253" hits="0"/><line number="259" hits="0"/><line number="260" hits="0"/><line number="261" hits="0"/><line number="262" hits="0"/><line number="263" hits="0"/><line number="264" hits="0"/><line number="265" hits="0"/><line number="266" hits="0"/><line number="267" hits="0"/><line number="268" hits="0"/><line number="274" hits="0"/><line number="275" hits="0"/><line number="280" hits="3"/><line number="281" hits="3"/><line number="282" hits="1"/><line number="283" hits="1"/><line number="284" hits="1"/><line number="285" hits="0"/><line number="371" hits="3"/><line number="378" hits="3"/><line number="381" hits="3"/><line number="411" hits="0"/><line number="418" hits="0"/><line number="421" hits="0"/><line number="450" hits="0"/><line number="451" hits="0"/><line number="477" hits="3"/><line number="479" hits="3"/><line number="504" hits="0"/><line number="506" hits="0"/><line number="530" hits="0"/><line number="533" hits="0"/><line number="534" hits="0"/><line number="538" hits="0"/><line number="539" hits="0"/><line number="540" hits="0"/><line number="541" hits="0"/><line number="546" hits="0"/><line number="550" hits="0"/><line number="551" hits="0"/><line number="552" hits="0"/><line number="553" hits="0"/><line number="558" hits="0"/><line number="559" hits="0"/><line number="560" hits="0"/><line number="561" hits="0"/><line number="566" hits="0"/><line number="570" hits="0"/><line number="571" hits="0"/><line number="572" hits="0"/><line number="573" hits="0"/><line number="578" hits="0"/><line number="582" hits="3"/><line number="583" hits="3"/><line number="588" hits="3"/><line number="596" hits="3"/><line number="618" hits="3"/><line number="623" hits="3"/><line number="624" hits="3"/><line number="625" hits="3"/><line number="636" hits="0"/><line number="638" hits="6"/><line number="639" hits="9"/><line number="643" hits="3"/><line number="644" hits="6"/><line number="647" hits="3"/><line number="651" hits="3"/><line number="653" hits="3"/><line number="654" hits="3"/><line number="662" hits="0"/><line number="663" hits="0"/><line number="679" hits="0"/><line number="681" hits="0"/><line number="684" hits="0"/><line number="685" hits="0"/><line number="686" hits="0"/><line number="687" hits="0"/><line number="688" hits="0"/><line number="693" hits="0"/><line number="696" hits="0"/><line number="697" hits="0"/><line number="699" hits="0"/><line number="700" hits="0"/><line number="701" hits="0"/><line number="703" hits="0"/><line number="704" hits="0"/><line number="705" hits="0"/><line number="707" hits="0"/><line number="708" hits="0"/><line number="709" hits="0"/><line number="712" hits="0"/><line number="717" hits="3"/><line number="718" hits="3"/><line number="720" hits="3"/><line number="746" hits="3"/><line number="751" hits="3"/><line number="752" hits="3"/><line number="758" hits="3"/><line number="759" hits="3"/><line number="760" hits="6"/><line number="761" hits="3"/><line number="762" hits="3"/><line number="766" hits="0"/><line number="768" hits="3"/><line number="772" hits="3"/><line number="780" hits="3"/><line number="781" hits="0"/><line number="783" hits="3"/><line number="785" hits="6"/><line number="786" hits="6"/><line number="787" hits="9"/><line number="789" hits="3"/><line number="791" hits="6"/><line number="792" hits="6"/><line number="793" hits="6"/><line number="794" hits="3"/><line number="798" hits="12"/><line number="800" hits="9"/><line number="802" hits="9"/><line number="804" hits="6"/><line number="805" hits="9"/><line number="811" hits="0"/><line number="812" hits="0"/><line number="813" hits="0"/><line number="818" hits="0"/><line number="819" hits="0"/><line number="820" hits="0"/><line number="828" hits="0"/><line number="831" hits="0"/><line number="847" hits="3"/><line number="848" hits="3"/><line number="853" hits="0"/><line number="854" hits="0"/><line number="871" hits="0"/><line number="872" hits="0"/><line number="873" hits="0"/><line number="874" hits="0"/><line number="881" hits="3"/><line number="882" hits="3"/><line number="887" hits="0"/><line number="888" hits="0"/><line number="889" hits="0"/><line number="890" hits="0"/><line number="891" hits="0"/><line number="892" hits="0"/><line number="893" hits="0"/><line number="898" hits="0"/><line number="899" hits="0"/><line number="900" hits="0"/><line number="902" hits="0"/><line number="903" hits="0"/><line number="904" hits="0"/><line number="905" hits="0"/><line number="906" hits="0"/><line number="910" hits="0"/><line number="912" hits="0"/><line number="918" hits="0"/><line number="920" hits="0"/><line number="921" hits="0"/><line number="922" hits="0"/><line number="923" hits="0"/><line number="928" hits="0"/><line number="930" hits="0"/><line number="938" hits="0"/><line number="940" hits="0"/><line number="941" hits="0"/><line number="942" hits="0"/><line number="943" hits="0"/><line number="946" hits="0"/><line number="948" hits="0"/><line number="954" hits="0"/><line number="956" hits="0"/><line number="957" hits="0"/><line number="958" hits="0"/><line number="959" hits="0"/><line number="962" hits="0"/><line number="964" hits="0"/><line number="970" hits="0"/><line number="971" hits="0"/></lines></class></classes></package><package name="libcoap/src/crypto/pki_rpk" line-rate="0" branch-rate="0" complexity="0"><classes><class name="key" filename="libcoap/src/crypto/pki_rpk/key.rs" line-rate="0" branch-rate="0" complexity="0"><methods/><lines><line number="57" hits="0"/><line number="59" hits="0"/><line number="67" hits="0"/><line number="68" hits="0"/><line number="99" hits="0"/><line number="101" hits="0"/><line number="120" hits="0"/><line number="121" hits="0"/></lines></class><class name="mod" filename="libcoap/src/crypto/pki_rpk/mod.rs" line-rate="0" branch-rate="0" complexity="0"><methods/><lines><line number="71" hits="0"/><line number="73" hits="0"/><line number="104" hits="0"/><line number="110" hits="0"/><line number="111" hits="0"/><line number="112" hits="0"/><line number="113" hits="0"/><line number="118" hits="0"/><line number="119" hits="0"/><line number="120" hits="0"/><line number="123" hits="0"/><line number="124" hits="0"/><line number="125" hits="0"/><line number="126" hits="0"/><line number="129" hits="0"/><line number="134" hits="0"/><line number="137" hits="0"/><line number="138" hits="0"/><line number="139" hits="0"/><line number="144" hits="0"/><line number="145" hits="0"/><line number="146" hits="0"/><line number="149" hits="0"/><line number="150" hits="0"/><line number="151" hits="0"/><line number="154" hits="0"/><line number="155" hits="0"/><line number="156" hits="0"/><line number="159" hits="0"/><line number="160" hits="0"/><line number="161" hits="0"/><line number="164" hits="0"/><line number="165" hits="0"/><line number="166" hits="0"/><line number="169" hits="0"/><line number="170" hits="0"/><line number="171" hits="0"/><line number="174" hits="0"/><line number="175" hits="0"/><line number="176" hits="0"/><line number="179" hits="0"/><line number="180" hits="0"/><line number="181" hits="0"/><line number="184" hits="0"/><line number="185" hits="0"/><line number="186" hits="0"/><line number="189" hits="0"/><line number="190" hits="0"/><line number="191" hits="0"/><line number="196" hits="0"/><line number="197" hits="0"/><line number="199" hits="0"/><line number="200" hits="0"/><line number="201" hits="0"/><line number="203" hits="0"/><line number="204" hits="0"/><line number="228" hits="0"/><line number="229" hits="0"/><line number="232" hits="0"/><line number="234" hits="0"/><line number="235" hits="0"/><line number="236" hits="0"/><line number="237" hits="0"/><line number="238" hits="0"/><line number="244" hits="0"/><line number="245" hits="0"/><line number="251" hits="0"/><line number="254" hits="0"/><line number="258" hits="0"/><line number="261" hits="0"/><line number="265" hits="0"/><line number="287" hits="0"/><line number="288" hits="0"/><line number="289" hits="0"/><line number="290" hits="0"/><line number="291" hits="0"/><line number="292" hits="0"/><line number="293" hits="0"/><line number="294" hits="0"/><line number="297" hits="0"/><line number="302" hits="0"/><line number="303" hits="0"/><line number="308" hits="0"/><line number="324" hits="0"/><line number="327" hits="0"/><line number="328" hits="0"/><line number="329" hits="0"/><line number="330" hits="0"/><line number="332" hits="0"/><line number="334" hits="0"/><line number="335" hits="0"/><line number="338" hits="0"/><line number="339" hits="0"/><line number="342" hits="0"/><line number="343" hits="0"/><line number="344" hits="0"/><line number="345" hits="0"/><line number="346" hits="0"/><line number="347" hits="0"/><line number="349" hits="0"/><line number="363" hits="0"/><line number="364" hits="0"/><line number="365" hits="0"/><line number="366" hits="0"/><line number="369" hits="0"/><line number="395" hits="0"/><line number="396" hits="0"/><line number="397" hits="0"/><line number="398" hits="0"/><line number="399" hits="0"/><line number="400" hits="0"/><line number="403" hits="0"/><line number="404" hits="0"/><line number="405" hits="0"/><line number="406" hits="0"/></lines></class><class name="pki" filename="libcoap/src/crypto/pki_rpk/pki.rs" line-rate="0" branch-rate="0" complexity="0"><methods/><lines><line number="11" hits="0"/><line number="12" hits="0"/><line number="17" hits="0"/><line number="18" hits="0"/><line number="23" hits="0"/><line number="24" hits="0"/><line number="26" hits="0"/><line number="27" hits="0"/><line number="33" hits="0"/><line number="34" hits="0"/><line number="39" hits="0"/><line number="40" hits="0"/><line number="41" hits="0"/><line number="42" hits="0"/><line number="72" hits="0"/><line number="84" hits="0"/><line number="85" hits="0"/><line number="90" hits="0"/><line number="91" hits="0"/><line number="96" hits="0"/><line number="97" hits="0"/><line number="102" hits="0"/><line number="103" hits="0"/><line number="108" hits="0"/><line number="109" hits="0"/><line number="115" hits="0"/><line number="116" hits="0"/><line number="117" hits="0"/><line number="118" hits="0"/><line number="122" hits="0"/></lines></class><class name="rpk" filename="libcoap/src/crypto/pki_rpk/rpk.rs" line-rate="0" branch-rate="0" complexity="0"><methods/><lines><line number="16" hits="0"/><line number="17" hits="0"/><line number="22" hits="0"/><line number="23" hits="0"/><line number="40" hits="0"/><line number="51" hits="0"/><line number="52" hits="0"/><line number="57" hits="0"/><line number="58" hits="0"/><line number="63" hits="0"/><line number="64" hits="0"/><line number="65" hits="0"/><line number="69" hits="0"/><line number="103" hits="0"/><line number="104" hits="0"/><line number="105" hits="0"/><line number="106" hits="0"/></lines></class></classes></package><package name="libcoap/src/crypto" line-rate="0.16526610644257703" branch-rate="0" complexity="0"><classes></classes></package><package name="libcoap-sys/src" line-rate="0.6451612903225806" branch-rate="0" complexity="0"><classes><class name="lib" filename="libcoap-sys/src/lib.rs" line-rate="0.6451612903225806" branch-rate="0" complexity="0"><methods/><lines><line number="115" hits="0"/><line number="116" hits="0"/><line number="141" hits="0"/><line number="147" hits="0"/><line number="148" hits="0"/><line number="149" hits="0"/><line number="150" hits="0"/><line number="151" hits="0"/><line number="176" hits="3"/><line number="182" hits="3"/><line number="183" hits="0"/><line number="187" hits="3"/><line number="188" hits="0"/><line number="192" hits="3"/><line number="193" hits="0"/><line number="197" hits="3"/><line number="198" hits="0"/><line number="207" hits="3"/><line number="208" hits="0"/><line number="227" hits="3"/><line number="228" hits="0"/><line number="232" hits="3"/><line number="233" hits="0"/><line number="237" hits="3"/><line number="238" hits="0"/><line number="242" hits="3"/><line number="243" hits="0"/><line number="247" hits="3"/><line number="248" hits="0"/><line number="252" hits="3"/><line number="253" hits="0"/><line number="257" hits="3"/><line number="258" hits="0"/><line number="262" hits="3"/><line number="263" hits="0"/><line number="267" hits="3"/><line number="268" hits="0"/><line number="277" hits="3"/><line number="278" hits="0"/><line number="291" hits="3"/><line number="318" hits="1"/><line number="319" hits="1"/><line number="320" hits="0"/><line number="326" hits="0"/><line number="329" hits="0"/><line number="331" hits="0"/><line number="332" hits="0"/><line number="333" hits="0"/><line number="335" hits="0"/><line number="337" hits="0"/><line number="340" hits="1"/><line number="346" hits="1"/><line number="349" hits="1"/><line number="351" hits="1"/><line number="352" hits="1"/><line number="353" hits="1"/><line number="355" hits="1"/><line number="356" hits="1"/><line number="358" hits="1"/><line number="371" hits="1"/><line number="378" hits="1"/><line number="382" hits="1"/><line number="387" hits="1"/><line number="390" hits="1"/><line number="391" hits="1"/><line number="401" hits="1"/><line number="407" hits="2"/><line number="408" hits="1"/><line number="409" hits="1"/><line number="410" hits="1"/><line number="411" hits="2"/><line number="413" hits="1"/><line number="414" hits="1"/><line number="415" hits="1"/><line number="420" hits="1"/><line number="422" hits="1"/><line number="423" hits="1"/><line number="425" hits="1"/><line number="428" hits="1"/><line number="429" hits="1"/><line number="432" hits="1"/><line number="433" hits="1"/><line number="436" hits="1"/><line number="437" hits="2"/><line number="445" hits="1"/><line number="446" hits="1"/><line number="447" hits="1"/><line number="450" hits="2"/><line number="452" hits="1"/><line number="456" hits="2"/><line number="459" hits="0"/><line number="460" hits="0"/><line number="467" hits="1"/></lines></class></classes></package></packages></coverage>